Started GET "/blah" for 127.0.0.1 at 2023-01-18 15:08:40 +0200
  
ActionController::RoutingError (No route matches [GET] "/blah"):
  
Started GET "/todos" for 127.0.0.1 at 2023-01-18 15:08:45 +0200
  
ActionController::RoutingError (uninitialized constant TodosController):
  
Started GET "/todos" for 127.0.0.1 at 2023-01-18 15:12:20 +0200
Processing by TodosController#index as */*
Completed 204 No Content in 22ms (Allocations: 2871)


Started GET "/todos" for 127.0.0.1 at 2023-01-18 15:12:23 +0200
Processing by TodosController#index as */*
Completed 204 No Content in 0ms (Allocations: 33)


Started GET "/todos" for 127.0.0.1 at 2023-01-18 15:12:48 +0200
Processing by TodosController#index as */*
Completed 204 No Content in 0ms (Allocations: 32)


Started GET "/todos" for 127.0.0.1 at 2023-01-18 15:14:10 +0200
Processing by TodosController#index as */*
Completed 500 Internal Server Error in 1ms (Allocations: 153)


  
NameError (uninitialized constant TodosController::Book):
  
app/controllers/todos_controller.rb:3:in `index'
Started GET "/todos" for 127.0.0.1 at 2023-01-18 15:14:27 +0200
Processing by TodosController#index as */*
Completed 500 Internal Server Error in 0ms (Allocations: 137)


  
NameError (uninitialized constant TodosController::Todo):
  
app/controllers/todos_controller.rb:3:in `index'
  [1m[35m (14.0ms)[0m  [1m[35mCREATE TABLE "schema_migrations" ("version" varchar NOT NULL PRIMARY KEY)[0m
  [1m[35m (2.0ms)[0m  [1m[35mCREATE TABLE "ar_internal_metadata" ("key" varchar NOT NULL PRIMARY KEY, "value" varchar, "created_at" datetime(6) NOT NULL, "updated_at" datetime(6) NOT NULL)[0m
  [1m[36mActiveRecord::SchemaMigration Pluck (0.2ms)[0m  [1m[34mSELECT "schema_migrations"."version" FROM "schema_migrations" ORDER BY "schema_migrations"."version" ASC[0m
Migrating to CreateTodos (20230118131525)
  [1m[36mTRANSACTION (0.0ms)[0m  [1m[36mbegin transaction[0m
  [1m[35m (0.7ms)[0m  [1m[35mCREATE TABLE "todos" ("id" integer PRIMARY KEY AUTOINCREMENT NOT NULL, "title" varchar, "username" varchar, "created_at" datetime(6) NOT NULL, "updated_at" datetime(6) NOT NULL)[0m
  [1m[36mActiveRecord::SchemaMigration Create (0.2ms)[0m  [1m[32mINSERT INTO "schema_migrations" ("version") VALUES (?)[0m  [["version", "20230118131525"]]
  [1m[36mTRANSACTION (1.8ms)[0m  [1m[36mcommit transaction[0m
  [1m[36mActiveRecord::InternalMetadata Load (0.2ms)[0m  [1m[34mSELECT "ar_internal_metadata".* FROM "ar_internal_metadata" WHERE "ar_internal_metadata"."key" = ? LIMIT ?[0m  [["key", "environment"], ["LIMIT", 1]]
  [1m[36mTRANSACTION (0.0ms)[0m  [1m[36mbegin transaction[0m
  [1m[36mActiveRecord::InternalMetadata Create (1.1ms)[0m  [1m[32mINSERT INTO "ar_internal_metadata" ("key", "value", "created_at", "updated_at") VALUES (?, ?, ?, ?)[0m  [["key", "environment"], ["value", "development"], ["created_at", "2023-01-18 13:17:12.602610"], ["updated_at", "2023-01-18 13:17:12.602610"]]
  [1m[36mTRANSACTION (1.7ms)[0m  [1m[36mcommit transaction[0m
  [1m[36mActiveRecord::SchemaMigration Pluck (0.1ms)[0m  [1m[34mSELECT "schema_migrations"."version" FROM "schema_migrations" ORDER BY "schema_migrations"."version" ASC[0m
Started GET "/todos" for 127.0.0.1 at 2023-01-18 15:18:03 +0200
  [1m[36mActiveRecord::SchemaMigration Pluck (0.3ms)[0m  [1m[34mSELECT "schema_migrations"."version" FROM "schema_migrations" ORDER BY "schema_migrations"."version" ASC[0m
Processing by TodosController#index as */*
  [1m[36mTodo Load (0.4ms)[0m  [1m[34mSELECT "todos".* FROM "todos"[0m
  ↳ app/controllers/todos_controller.rb:3:in `index'
Completed 200 OK in 11ms (Views: 2.2ms | ActiveRecord: 0.4ms | Allocations: 1569)


Started GET "/todos" for 127.0.0.1 at 2023-01-18 15:18:16 +0200
Processing by TodosController#index as */*
  [1m[36mTodo Load (0.2ms)[0m  [1m[34mSELECT "todos".* FROM "todos"[0m
  ↳ app/controllers/todos_controller.rb:3:in `index'
Completed 200 OK in 3ms (Views: 2.7ms | ActiveRecord: 0.2ms | Allocations: 694)


  [1m[36mTRANSACTION (0.1ms)[0m  [1m[36mbegin transaction[0m
  [1m[36mTodo Create (12.4ms)[0m  [1m[32mINSERT INTO "todos" ("title", "username", "created_at", "updated_at") VALUES (?, ?, ?, ?)[0m  [["title", "Finish this project"], ["username", "nikol"], ["created_at", "2023-01-18 13:21:10.242440"], ["updated_at", "2023-01-18 13:21:10.242440"]]
  [1m[36mTRANSACTION (3.9ms)[0m  [1m[36mcommit transaction[0m
Started GET "/todos" for 127.0.0.1 at 2023-01-18 15:21:38 +0200
Processing by TodosController#index as */*
  [1m[36mTodo Load (0.2ms)[0m  [1m[34mSELECT "todos".* FROM "todos"[0m
  ↳ app/controllers/todos_controller.rb:3:in `index'
Completed 200 OK in 31ms (Views: 29.7ms | ActiveRecord: 1.1ms | Allocations: 6212)


Started POST "/todos" for 127.0.0.1 at 2023-01-18 15:31:36 +0200
Processing by TodosController#create as */*
Completed 204 No Content in 0ms (Allocations: 72)


Started POST "/todos" for 127.0.0.1 at 2023-01-18 15:31:44 +0200
Processing by TodosController#create as */*
Completed 204 No Content in 0ms (Allocations: 30)


Started POST "/todos" for 127.0.0.1 at 2023-01-18 15:38:05 +0200
Processing by TodosController#create as */*
  [1m[36mTRANSACTION (0.0ms)[0m  [1m[36mbegin transaction[0m
  ↳ app/controllers/todos_controller.rb:10:in `create'
  [1m[36mTodo Create (1.3ms)[0m  [1m[32mINSERT INTO "todos" ("title", "username", "created_at", "updated_at") VALUES (?, ?, ?, ?)[0m  [["title", "Finishing this project"], ["username", "nikol"], ["created_at", "2023-01-18 13:38:06.022800"], ["updated_at", "2023-01-18 13:38:06.022800"]]
  ↳ app/controllers/todos_controller.rb:10:in `create'
  [1m[36mTRANSACTION (2.3ms)[0m  [1m[36mcommit transaction[0m
  ↳ app/controllers/todos_controller.rb:10:in `create'
Completed 201 Created in 15ms (Views: 0.3ms | ActiveRecord: 4.0ms | Allocations: 4363)


Started POST "/todos" for 127.0.0.1 at 2023-01-18 15:44:52 +0200
Processing by TodosController#create as */*
  Parameters: {"title"=>"Try", "username"=>"idk", "todo"=>{"title"=>"Try", "username"=>"idk"}}
  [1m[36mTRANSACTION (0.0ms)[0m  [1m[36mbegin transaction[0m
  ↳ app/controllers/todos_controller.rb:10:in `create'
  [1m[36mTodo Create (1.4ms)[0m  [1m[32mINSERT INTO "todos" ("title", "username", "created_at", "updated_at") VALUES (?, ?, ?, ?)[0m  [["title", "Try"], ["username", "idk"], ["created_at", "2023-01-18 13:44:53.258827"], ["updated_at", "2023-01-18 13:44:53.258827"]]
  ↳ app/controllers/todos_controller.rb:10:in `create'
  [1m[36mTRANSACTION (2.1ms)[0m  [1m[36mcommit transaction[0m
  ↳ app/controllers/todos_controller.rb:10:in `create'
Completed 201 Created in 10ms (Views: 0.3ms | ActiveRecord: 3.9ms | Allocations: 3267)


Started GET "/todos" for 127.0.0.1 at 2023-01-18 15:45:15 +0200
Processing by TodosController#index as */*
  [1m[36mTodo Load (0.3ms)[0m  [1m[34mSELECT "todos".* FROM "todos"[0m
  ↳ app/controllers/todos_controller.rb:3:in `index'
Completed 200 OK in 2ms (Views: 1.8ms | ActiveRecord: 0.3ms | Allocations: 1140)


Started GET "/blah" for 127.0.0.1 at 2023-01-21 19:39:21 +0200
  [1m[36mActiveRecord::SchemaMigration Pluck (0.5ms)[0m  [1m[34mSELECT "schema_migrations"."version" FROM "schema_migrations" ORDER BY "schema_migrations"."version" ASC[0m
  
ActionController::RoutingError (No route matches [GET] "/blah"):
  
Started GET "/todos" for 127.0.0.1 at 2023-01-21 19:39:24 +0200
Processing by TodosController#index as */*
  [1m[36mTodo Load (0.8ms)[0m  [1m[34mSELECT "todos".* FROM "todos"[0m
  ↳ app/controllers/todos_controller.rb:3:in `index'
Completed 200 OK in 94ms (Views: 32.1ms | ActiveRecord: 3.7ms | Allocations: 7614)


Started POST "/todos" for 127.0.0.1 at 2023-01-21 19:50:32 +0200
Processing by TodosController#create as */*
Completed 400 Bad Request in 1ms (Allocations: 157)


  
ActionController::ParameterMissing (param is missing or the value is empty: todo):
  
app/controllers/todos_controller.rb:21:in `todo_params'
app/controllers/todos_controller.rb:8:in `create'
Started POST "/todo" for 127.0.0.1 at 2023-01-21 19:50:36 +0200
  
ActionController::RoutingError (No route matches [POST] "/todo"):
  
Started POST "/todos" for 127.0.0.1 at 2023-01-21 19:51:21 +0200
Processing by TodosController#create as */*
Completed 400 Bad Request in 1ms (Allocations: 107)


  
ActionController::ParameterMissing (param is missing or the value is empty: todo):
  
app/controllers/todos_controller.rb:21:in `todo_params'
app/controllers/todos_controller.rb:8:in `create'
Started POST "/todos" for 127.0.0.1 at 2023-01-21 19:51:46 +0200
Processing by TodosController#create as */*
Completed 400 Bad Request in 1ms (Allocations: 106)


  
ActionController::ParameterMissing (param is missing or the value is empty: todo):
  
app/controllers/todos_controller.rb:21:in `todo_params'
app/controllers/todos_controller.rb:8:in `create'
Started GET "/todos" for 127.0.0.1 at 2023-01-21 19:57:44 +0200
Processing by TodosController#index as */*
  [1m[36mTodo Load (0.4ms)[0m  [1m[34mSELECT "todos".* FROM "todos"[0m
  ↳ app/controllers/todos_controller.rb:3:in `index'
Completed 200 OK in 8ms (Views: 7.6ms | ActiveRecord: 1.5ms | Allocations: 1177)


Started POST "/todos" for 127.0.0.1 at 2023-01-21 19:58:23 +0200
Processing by TodosController#create as */*
  Parameters: {"title"=>"Hi", "username"=>"hi", "todo"=>{"title"=>"Hi", "username"=>"hi"}}
  [1m[36mTRANSACTION (0.2ms)[0m  [1m[36mbegin transaction[0m
  ↳ app/controllers/todos_controller.rb:10:in `create'
  [1m[36mTodo Create (38.5ms)[0m  [1m[32mINSERT INTO "todos" ("title", "username", "created_at", "updated_at") VALUES (?, ?, ?, ?)[0m  [["title", "Hi"], ["username", "hi"], ["created_at", "2023-01-21 17:58:23.558830"], ["updated_at", "2023-01-21 17:58:23.558830"]]
  ↳ app/controllers/todos_controller.rb:10:in `create'
  [1m[36mTRANSACTION (5.5ms)[0m  [1m[36mcommit transaction[0m
  ↳ app/controllers/todos_controller.rb:10:in `create'
Completed 201 Created in 62ms (Views: 1.1ms | ActiveRecord: 44.2ms | Allocations: 2667)


Started POST "/todos" for 127.0.0.1 at 2023-01-21 20:37:00 +0200
  
SyntaxError (/mnt/c/api-app/app/models/todo.rb:2: syntax error, unexpected ':', expecting `end' or dummy end
    validates: title, presence:true,length:...
             ^
):
  
app/models/todo.rb:2: syntax error, unexpected ':', expecting `end' or dummy end
app/models/todo.rb:2: syntax error, unexpected ':', expecting `end' or dummy end
Started POST "/todos" for 127.0.0.1 at 2023-01-21 20:38:30 +0200
  
SyntaxError (/mnt/c/api-app/app/models/todo.rb:2: syntax error, unexpected ':', expecting `end' or dummy end
    validates: title, presence:true,length:...
             ^
):
  
app/models/todo.rb:2: syntax error, unexpected ':', expecting `end' or dummy end
app/models/todo.rb:2: syntax error, unexpected ':', expecting `end' or dummy end
Started POST "/todos" for 127.0.0.1 at 2023-01-21 20:39:46 +0200
Processing by TodosController#create as */*
  Parameters: {"title"=>"Hi", "username"=>"hi", "todo"=>{"title"=>"Hi", "username"=>"hi"}}
Completed 422 Unprocessable Entity in 92ms (Views: 87.3ms | ActiveRecord: 0.7ms | Allocations: 4330)


  [1m[36mTodo Load (0.7ms)[0m  [1m[34mSELECT "todos".* FROM "todos"[0m
Started DELETE "/todos/4" for 127.0.0.1 at 2023-01-21 20:57:59 +0200
  
ActionDispatch::Http::MimeNegotiation::InvalidType ("application-json" is not a valid MIME type):
  
Started DELETE "/todos/4" for 127.0.0.1 at 2023-01-21 20:58:47 +0200
Processing by TodosController#destroy as */*
  Parameters: {"id"=>"4", "todo"=>{}}
  [1m[36mTodo Load (0.9ms)[0m  [1m[34mSELECT "todos".* FROM "todos" WHERE "todos"."id" = ? LIMIT ?[0m  [["id", 4], ["LIMIT", 1]]
  ↳ app/controllers/todos_controller.rb:19:in `destroy'
  [1m[36mTRANSACTION (0.2ms)[0m  [1m[36mbegin transaction[0m
  ↳ app/controllers/todos_controller.rb:19:in `destroy'
  [1m[36mTodo Destroy (3.2ms)[0m  [1m[31mDELETE FROM "todos" WHERE "todos"."id" = ?[0m  [["id", 4]]
  ↳ app/controllers/todos_controller.rb:19:in `destroy'
  [1m[36mTRANSACTION (5.9ms)[0m  [1m[36mcommit transaction[0m
  ↳ app/controllers/todos_controller.rb:19:in `destroy'
Completed 204 No Content in 79ms (ActiveRecord: 11.2ms | Allocations: 3951)


  [1m[36mActiveRecord::SchemaMigration Pluck (0.1ms)[0m  [1m[34mSELECT "schema_migrations"."version" FROM "schema_migrations" ORDER BY "schema_migrations"."version" ASC[0m
Migrating to CreateItems (20230122133512)
  [1m[36mTRANSACTION (0.1ms)[0m  [1m[36mbegin transaction[0m
  [1m[35m (0.9ms)[0m  [1m[35mCREATE TABLE "items" ("id" integer PRIMARY KEY AUTOINCREMENT NOT NULL, "name" varchar, "done" boolean, "todo_id" integer NOT NULL, "created_at" datetime(6) NOT NULL, "updated_at" datetime(6) NOT NULL, CONSTRAINT "fk_rails_c01e6b449d"
FOREIGN KEY ("todo_id")
  REFERENCES "todos" ("id")
)[0m
  [1m[35m (0.1ms)[0m  [1m[35mCREATE INDEX "index_items_on_todo_id" ON "items" ("todo_id")[0m
  [1m[36mActiveRecord::SchemaMigration Create (0.2ms)[0m  [1m[32mINSERT INTO "schema_migrations" ("version") VALUES (?)[0m  [["version", "20230122133512"]]
  [1m[36mTRANSACTION (1.5ms)[0m  [1m[36mcommit transaction[0m
  [1m[36mActiveRecord::InternalMetadata Load (0.2ms)[0m  [1m[34mSELECT "ar_internal_metadata".* FROM "ar_internal_metadata" WHERE "ar_internal_metadata"."key" = ? LIMIT ?[0m  [["key", "environment"], ["LIMIT", 1]]
  [1m[36mActiveRecord::SchemaMigration Pluck (0.1ms)[0m  [1m[34mSELECT "schema_migrations"."version" FROM "schema_migrations" ORDER BY "schema_migrations"."version" ASC[0m
  [1m[36mTRANSACTION (0.1ms)[0m  [1m[36mbegin transaction[0m
  [1m[36mTodo Create (11.4ms)[0m  [1m[32mINSERT INTO "todos" ("title", "username", "created_at", "updated_at") VALUES (?, ?, ?, ?)[0m  [["title", "test"], ["username", "tester1"], ["created_at", "2023-01-22 13:45:41.372253"], ["updated_at", "2023-01-22 13:45:41.372253"]]
  [1m[36mTRANSACTION (2.4ms)[0m  [1m[36mcommit transaction[0m
  [1m[36mTRANSACTION (0.1ms)[0m  [1m[36mbegin transaction[0m
  [1m[36mItem Create (2.1ms)[0m  [1m[32mINSERT INTO "items" ("name", "done", "todo_id", "created_at", "updated_at") VALUES (?, ?, ?, ?, ?)[0m  [["name", "item1"], ["done", 0], ["todo_id", 5], ["created_at", "2023-01-22 13:48:52.728965"], ["updated_at", "2023-01-22 13:48:52.728965"]]
  [1m[36mTRANSACTION (3.2ms)[0m  [1m[36mcommit transaction[0m
  [1m[36mTRANSACTION (0.1ms)[0m  [1m[36mbegin transaction[0m
  [1m[36mItem Create (10.8ms)[0m  [1m[32mINSERT INTO "items" ("name", "done", "todo_id", "created_at", "updated_at") VALUES (?, ?, ?, ?, ?)[0m  [["name", "item2"], ["done", 0], ["todo_id", 5], ["created_at", "2023-01-22 13:49:13.662336"], ["updated_at", "2023-01-22 13:49:13.662336"]]
  [1m[36mTRANSACTION (3.0ms)[0m  [1m[36mcommit transaction[0m
  [1m[36mItem Load (0.8ms)[0m  [1m[34mSELECT "items".* FROM "items" WHERE "items"."todo_id" = ?[0m  [["todo_id", 5]]
Started GET "/todos" for 127.0.0.1 at 2023-01-22 15:52:54 +0200
  [1m[36mActiveRecord::SchemaMigration Pluck (0.3ms)[0m  [1m[34mSELECT "schema_migrations"."version" FROM "schema_migrations" ORDER BY "schema_migrations"."version" ASC[0m
Processing by TodosController#index as */*
  [1m[36mTodo Load (0.3ms)[0m  [1m[34mSELECT "todos".* FROM "todos"[0m
  ↳ app/controllers/todos_controller.rb:4:in `index'
Completed 200 OK in 24ms (Views: 9.0ms | ActiveRecord: 1.3ms | Allocations: 8523)


Started GET "/" for 127.0.0.1 at 2023-02-06 13:11:46 +0200
  [1m[36mActiveRecord::SchemaMigration Pluck (0.5ms)[0m  [1m[34mSELECT "schema_migrations"."version" FROM "schema_migrations" ORDER BY "schema_migrations"."version" ASC[0m
Processing by Rails::WelcomeController#index as HTML
  Rendering /home/nikol/.rbenv/versions/3.2.0/lib/ruby/gems/3.2.0/gems/railties-7.0.4.1/lib/rails/templates/rails/welcome/index.html.erb
  Rendered /home/nikol/.rbenv/versions/3.2.0/lib/ruby/gems/3.2.0/gems/railties-7.0.4.1/lib/rails/templates/rails/welcome/index.html.erb (Duration: 14.6ms | Allocations: 604)
Completed 200 OK in 121ms (Views: 51.1ms | ActiveRecord: 0.0ms | Allocations: 4902)


Started GET "/todos" for 127.0.0.1 at 2023-02-06 13:13:42 +0200
Processing by TodosController#index as */*
  [1m[36mTodo Load (0.8ms)[0m  [1m[34mSELECT "todos".* FROM "todos"[0m
  ↳ app/controllers/todos_controller.rb:4:in `index'
Completed 200 OK in 78ms (Views: 33.7ms | ActiveRecord: 3.8ms | Allocations: 6801)


  [1m[36mTodo Load (0.4ms)[0m  [1m[34mSELECT "todos".* FROM "todos"[0m
Started DELETE "/todos/5" for 127.0.0.1 at 2023-02-06 14:14:00 +0200
  [1m[36mActiveRecord::SchemaMigration Pluck (0.4ms)[0m  [1m[34mSELECT "schema_migrations"."version" FROM "schema_migrations" ORDER BY "schema_migrations"."version" ASC[0m
Processing by TodosController#destroy as */*
  Parameters: {"id"=>"5", "todo"=>{}}
  [1m[36mTodo Load (0.5ms)[0m  [1m[34mSELECT "todos".* FROM "todos" WHERE "todos"."id" = ? LIMIT ?[0m  [["id", 5], ["LIMIT", 1]]
  ↳ app/controllers/todos_controller.rb:20:in `destroy'
  [1m[36mTRANSACTION (0.2ms)[0m  [1m[36mbegin transaction[0m
  ↳ app/controllers/todos_controller.rb:20:in `destroy'
  [1m[36mTodo Destroy (3.5ms)[0m  [1m[31mDELETE FROM "todos" WHERE "todos"."id" = ?[0m  [["id", 5]]
  ↳ app/controllers/todos_controller.rb:20:in `destroy'
  [1m[36mTRANSACTION (1.8ms)[0m  [1m[31mrollback transaction[0m
  ↳ app/controllers/todos_controller.rb:20:in `destroy'
Completed 500 Internal Server Error in 40ms (ActiveRecord: 5.9ms | Allocations: 4333)


  
ActiveRecord::InvalidForeignKey (SQLite3::ConstraintException: FOREIGN KEY constraint failed):
  
app/controllers/todos_controller.rb:20:in `destroy'
  [1m[36mTodo Load (0.5ms)[0m  [1m[34mSELECT "todos".* FROM "todos"[0m
  [1m[36mItem Load (0.5ms)[0m  [1m[34mSELECT "items".* FROM "items"[0m
Started GET "/todos" for 127.0.0.1 at 2023-02-06 14:38:32 +0200
Processing by TodosController#index as */*
  [1m[36mTodo Load (0.9ms)[0m  [1m[34mSELECT "todos".* FROM "todos"[0m
  ↳ app/controllers/todos_controller.rb:5:in `index'
Completed 200 OK in 36ms (Views: 15.7ms | ActiveRecord: 2.7ms | Allocations: 3659)


Started GET "/todos/5/items" for 127.0.0.1 at 2023-02-06 14:39:34 +0200
Processing by ItemsController#index as */*
  Parameters: {"todo_id"=>"5"}
  [1m[36mTodo Load (0.6ms)[0m  [1m[34mSELECT "todos".* FROM "todos" WHERE "todos"."id" = ? LIMIT ?[0m  [["id", 5], ["LIMIT", 1]]
  ↳ app/controllers/items_controller.rb:40:in `set_todo'
  [1m[36mItem Load (0.7ms)[0m  [1m[34mSELECT "items".* FROM "items" WHERE "items"."todo_id" = ?[0m  [["todo_id", 5]]
  ↳ app/controllers/concerns/response.rb:3:in `json_response'
Completed 200 OK in 144ms (Views: 63.5ms | ActiveRecord: 4.7ms | Allocations: 7304)


Started POST "/todos/5/items" for 127.0.0.1 at 2023-02-06 14:39:59 +0200
Processing by ItemsController#create as HTML
  Parameters: {"name"=>"item1", "todo_id"=>"5", "item"=>{"name"=>"item1"}}
  [1m[36mTodo Load (0.4ms)[0m  [1m[34mSELECT "todos".* FROM "todos" WHERE "todos"."id" = ? LIMIT ?[0m  [["id", 5], ["LIMIT", 1]]
  ↳ app/controllers/items_controller.rb:40:in `set_todo'
[31mUnpermitted parameters: :todo_id, :item. Context: { controller: ItemsController, action: create, request: #<ActionDispatch::Request:0x00007fd402597620>, params: {"name"=>"item1", "controller"=>"items", "action"=>"create", "todo_id"=>"5", "item"=>{"name"=>"item1"}} }[0m
  [1m[36mTRANSACTION (0.1ms)[0m  [1m[36mbegin transaction[0m
  ↳ app/controllers/items_controller.rb:17:in `create'
  [1m[36mItem Create (36.5ms)[0m  [1m[32mINSERT INTO "items" ("name", "done", "todo_id", "created_at", "updated_at") VALUES (?, ?, ?, ?, ?)[0m  [["name", "item1"], ["done", nil], ["todo_id", 5], ["created_at", "2023-02-06 12:39:59.598225"], ["updated_at", "2023-02-06 12:39:59.598225"]]
  ↳ app/controllers/items_controller.rb:17:in `create'
  [1m[36mTRANSACTION (8.4ms)[0m  [1m[36mcommit transaction[0m
  ↳ app/controllers/items_controller.rb:17:in `create'
Completed 201 Created in 78ms (Views: 0.9ms | ActiveRecord: 45.4ms | Allocations: 3653)


Started POST "/todos/5/items" for 127.0.0.1 at 2023-02-06 15:30:59 +0200
  
ActionController::RoutingError (No route matches [POST] "/todos/5/items"):
  
Started GET "/api/v1/todos" for 127.0.0.1 at 2023-02-06 15:32:41 +0200
  
SyntaxError (/mnt/c/api-app/app/controllers/api/v1/todos_controller.rb:1: class/module name must be CONSTANT
  module v1
       ^~~
/mnt/c/api-app/app/controllers/api/v1/todos_controller.rb:2: class/module name must be CONSTANT
    class TodosController < ApplicationC...
         ^~
):
  
app/controllers/api/v1/todos_controller.rb:1: class/module name must be CONSTANT
app/controllers/api/v1/todos_controller.rb:2: class/module name must be CONSTANT
app/controllers/api/v1/todos_controller.rb:1: class/module name must be CONSTANT
app/controllers/api/v1/todos_controller.rb:2: class/module name must be CONSTANT
Started GET "/todos" for 127.0.0.1 at 2023-02-06 15:34:57 +0200
Processing by TodosController#index as */*
  [1m[36mTodo Load (0.1ms)[0m  [1m[34mSELECT "todos".* FROM "todos"[0m
  ↳ app/controllers/todos_controller.rb:5:in `index'
Completed 200 OK in 6ms (Views: 3.4ms | ActiveRecord: 0.4ms | Allocations: 3603)


Started GET "/todos/2/items" for 127.0.0.1 at 2023-02-06 16:43:12 +0200
Processing by ItemsController#index as */*
  Parameters: {"todo_id"=>"2"}
  [1m[36mTodo Load (0.9ms)[0m  [1m[34mSELECT "todos".* FROM "todos" WHERE "todos"."id" = ? LIMIT ?[0m  [["id", 2], ["LIMIT", 1]]
  ↳ app/controllers/items_controller.rb:40:in `set_todo'
  [1m[36mItem Load (0.9ms)[0m  [1m[34mSELECT "items".* FROM "items" WHERE "items"."todo_id" = ?[0m  [["todo_id", 2]]
  ↳ app/controllers/concerns/response.rb:3:in `json_response'
Completed 200 OK in 39ms (Views: 5.3ms | ActiveRecord: 2.8ms | Allocations: 4839)


Started GET "/todos/" for 127.0.0.1 at 2023-02-06 16:43:27 +0200
Processing by TodosController#index as */*
  [1m[36mTodo Load (0.5ms)[0m  [1m[34mSELECT "todos".* FROM "todos"[0m
  ↳ app/controllers/todos_controller.rb:5:in `index'
Completed 200 OK in 6ms (Views: 4.8ms | ActiveRecord: 0.5ms | Allocations: 1260)


Started POST "/todos/2/items" for 127.0.0.1 at 2023-02-06 16:44:12 +0200
Processing by ItemsController#create as HTML
  Parameters: {"name"=>"Listen to 5th Symphony", "done"=>"false", "todo_id"=>"2", "item"=>{"name"=>"Listen to 5th Symphony", "done"=>"false"}}
  [1m[36mTodo Load (0.4ms)[0m  [1m[34mSELECT "todos".* FROM "todos" WHERE "todos"."id" = ? LIMIT ?[0m  [["id", 2], ["LIMIT", 1]]
  ↳ app/controllers/items_controller.rb:40:in `set_todo'
[31mUnpermitted parameters: :todo_id, :item. Context: { controller: ItemsController, action: create, request: #<ActionDispatch::Request:0x00007fd403cdf3c8>, params: {"name"=>"Listen to 5th Symphony", "done"=>"false", "controller"=>"items", "action"=>"create", "todo_id"=>"2", "item"=>{"name"=>"Listen to 5th Symphony", "done"=>"false"}} }[0m
  [1m[36mTRANSACTION (0.1ms)[0m  [1m[36mbegin transaction[0m
  ↳ app/controllers/items_controller.rb:17:in `create'
  [1m[36mItem Create (38.7ms)[0m  [1m[32mINSERT INTO "items" ("name", "done", "todo_id", "created_at", "updated_at") VALUES (?, ?, ?, ?, ?)[0m  [["name", "Listen to 5th Symphony"], ["done", 0], ["todo_id", 2], ["created_at", "2023-02-06 14:44:12.987410"], ["updated_at", "2023-02-06 14:44:12.987410"]]
  ↳ app/controllers/items_controller.rb:17:in `create'
  [1m[36mTRANSACTION (6.9ms)[0m  [1m[36mcommit transaction[0m
  ↳ app/controllers/items_controller.rb:17:in `create'
Completed 201 Created in 79ms (Views: 0.9ms | ActiveRecord: 46.1ms | Allocations: 4400)


Started PUT "/todos/2/items/1" for 127.0.0.1 at 2023-02-06 16:45:09 +0200
Processing by ItemsController#update as HTML
  Parameters: {"done"=>"true", "todo_id"=>"2", "id"=>"1", "item"=>{"done"=>"true"}}
  [1m[36mTodo Load (0.4ms)[0m  [1m[34mSELECT "todos".* FROM "todos" WHERE "todos"."id" = ? LIMIT ?[0m  [["id", 2], ["LIMIT", 1]]
  ↳ app/controllers/items_controller.rb:40:in `set_todo'
  [1m[36mItem Load (0.8ms)[0m  [1m[34mSELECT "items".* FROM "items" WHERE "items"."todo_id" = ? AND "items"."id" = ? LIMIT ?[0m  [["todo_id", 2], ["id", 1], ["LIMIT", 1]]
  ↳ app/controllers/items_controller.rb:44:in `set_todo_item'
Completed 404 Not Found in 20ms (Views: 0.3ms | ActiveRecord: 1.2ms | Allocations: 1419)


Started PUT "/todos/2/items/1" for 127.0.0.1 at 2023-02-06 16:45:20 +0200
Processing by ItemsController#update as HTML
  Parameters: {"done"=>"true", "todo_id"=>"2", "id"=>"1", "item"=>{"done"=>"true"}}
  [1m[36mTodo Load (0.5ms)[0m  [1m[34mSELECT "todos".* FROM "todos" WHERE "todos"."id" = ? LIMIT ?[0m  [["id", 2], ["LIMIT", 1]]
  ↳ app/controllers/items_controller.rb:40:in `set_todo'
  [1m[36mItem Load (0.5ms)[0m  [1m[34mSELECT "items".* FROM "items" WHERE "items"."todo_id" = ? AND "items"."id" = ? LIMIT ?[0m  [["todo_id", 2], ["id", 1], ["LIMIT", 1]]
  ↳ app/controllers/items_controller.rb:44:in `set_todo_item'
Completed 404 Not Found in 20ms (Views: 0.5ms | ActiveRecord: 0.9ms | Allocations: 1303)


Started PUT "/todos/2/items/1" for 127.0.0.1 at 2023-02-06 16:45:38 +0200
Processing by ItemsController#update as HTML
  Parameters: {"done"=>"false", "todo_id"=>"2", "id"=>"1", "item"=>{"done"=>"false"}}
  [1m[36mTodo Load (0.5ms)[0m  [1m[34mSELECT "todos".* FROM "todos" WHERE "todos"."id" = ? LIMIT ?[0m  [["id", 2], ["LIMIT", 1]]
  ↳ app/controllers/items_controller.rb:40:in `set_todo'
  [1m[36mItem Load (0.4ms)[0m  [1m[34mSELECT "items".* FROM "items" WHERE "items"."todo_id" = ? AND "items"."id" = ? LIMIT ?[0m  [["todo_id", 2], ["id", 1], ["LIMIT", 1]]
  ↳ app/controllers/items_controller.rb:44:in `set_todo_item'
Completed 404 Not Found in 14ms (Views: 0.3ms | ActiveRecord: 0.9ms | Allocations: 1302)


  [1m[36mItem Load (0.5ms)[0m  [1m[34mSELECT "items".* FROM "items"[0m
Started DELETE "/todos/5" for 127.0.0.1 at 2023-02-06 16:53:16 +0200
Processing by TodosController#destroy as */*
  Parameters: {"id"=>"5"}
  [1m[36mTodo Load (0.4ms)[0m  [1m[34mSELECT "todos".* FROM "todos" WHERE "todos"."id" = ? LIMIT ?[0m  [["id", 5], ["LIMIT", 1]]
  ↳ app/controllers/todos_controller.rb:34:in `destroy'
  [1m[36mTRANSACTION (0.1ms)[0m  [1m[36mbegin transaction[0m
  ↳ app/controllers/todos_controller.rb:34:in `destroy'
  [1m[36mItem Load (0.6ms)[0m  [1m[34mSELECT "items".* FROM "items" WHERE "items"."todo_id" = ?[0m  [["todo_id", 5]]
  ↳ app/controllers/todos_controller.rb:34:in `destroy'
  [1m[36mItem Destroy (37.0ms)[0m  [1m[31mDELETE FROM "items" WHERE "items"."id" = ?[0m  [["id", 1]]
  ↳ app/controllers/todos_controller.rb:34:in `destroy'
  [1m[36mItem Destroy (0.4ms)[0m  [1m[31mDELETE FROM "items" WHERE "items"."id" = ?[0m  [["id", 2]]
  ↳ app/controllers/todos_controller.rb:34:in `destroy'
  [1m[36mItem Destroy (0.2ms)[0m  [1m[31mDELETE FROM "items" WHERE "items"."id" = ?[0m  [["id", 3]]
  ↳ app/controllers/todos_controller.rb:34:in `destroy'
  [1m[36mTodo Destroy (1.2ms)[0m  [1m[31mDELETE FROM "todos" WHERE "todos"."id" = ?[0m  [["id", 5]]
  ↳ app/controllers/todos_controller.rb:34:in `destroy'
  [1m[36mTRANSACTION (5.4ms)[0m  [1m[36mcommit transaction[0m
  ↳ app/controllers/todos_controller.rb:34:in `destroy'
Completed 204 No Content in 113ms (ActiveRecord: 46.0ms | Allocations: 10187)


  [1m[36mItem Load (0.3ms)[0m  [1m[34mSELECT "items".* FROM "items"[0m
Started GET "/todos/1" for 127.0.0.1 at 2023-02-06 16:54:34 +0200
Processing by TodosController#show as */*
  Parameters: {"id"=>"1"}
Completed 200 OK in 1ms (Views: 0.3ms | ActiveRecord: 0.0ms | Allocations: 115)


  [1m[36mTodo Load (0.3ms)[0m  [1m[34mSELECT "todos".* FROM "todos"[0m
Started GET "/todos/1" for 127.0.0.1 at 2023-02-06 16:56:04 +0200
Processing by TodosController#show as */*
  Parameters: {"id"=>"1"}
Completed 200 OK in 1ms (Views: 0.3ms | Allocations: 148)


Started GET "/todos/1" for 127.0.0.1 at 2023-02-06 16:58:16 +0200
Processing by TodosController#show as */*
  Parameters: {"id"=>"1"}
Completed 200 OK in 1ms (Views: 0.3ms | Allocations: 145)


Started GET "/" for 127.0.0.1 at 2023-02-06 17:00:07 +0200
Processing by Rails::WelcomeController#index as HTML
  Rendering /home/nikol/.rbenv/versions/3.2.0/lib/ruby/gems/3.2.0/gems/railties-7.0.4.1/lib/rails/templates/rails/welcome/index.html.erb
  Rendered /home/nikol/.rbenv/versions/3.2.0/lib/ruby/gems/3.2.0/gems/railties-7.0.4.1/lib/rails/templates/rails/welcome/index.html.erb (Duration: 4.1ms | Allocations: 262)
Completed 200 OK in 13ms (Views: 12.5ms | Allocations: 737)


Started GET "/todos" for 127.0.0.1 at 2023-02-06 17:00:13 +0200
Processing by TodosController#index as HTML
  [1m[36mTodo Load (0.7ms)[0m  [1m[34mSELECT "todos".* FROM "todos"[0m
  ↳ app/controllers/todos_controller.rb:5:in `index'
Completed 200 OK in 78ms (Views: 15.7ms | ActiveRecord: 4.2ms | Allocations: 5193)


Started GET "/todos/1" for 127.0.0.1 at 2023-02-06 17:00:26 +0200
Processing by TodosController#show as HTML
  Parameters: {"id"=>"1"}
Completed 200 OK in 0ms (Views: 0.2ms | ActiveRecord: 0.0ms | Allocations: 74)


Started GET "/todos" for 127.0.0.1 at 2023-02-06 17:00:31 +0200
Processing by TodosController#index as HTML
  [1m[36mTodo Load (0.3ms)[0m  [1m[34mSELECT "todos".* FROM "todos"[0m
  ↳ app/controllers/todos_controller.rb:5:in `index'
Completed 200 OK in 3ms (Views: 2.8ms | ActiveRecord: 0.3ms | Allocations: 1019)


  [1m[36mActiveRecord::SchemaMigration Pluck (0.4ms)[0m  [1m[34mSELECT "schema_migrations"."version" FROM "schema_migrations" ORDER BY "schema_migrations"."version" ASC[0m
  [1m[36mActiveRecord::SchemaMigration Pluck (0.5ms)[0m  [1m[34mSELECT "schema_migrations"."version" FROM "schema_migrations" ORDER BY "schema_migrations"."version" ASC[0m
  [1m[36mActiveRecord::SchemaMigration Pluck (0.3ms)[0m  [1m[34mSELECT "schema_migrations"."version" FROM "schema_migrations" ORDER BY "schema_migrations"."version" ASC[0m
  [1m[36mTRANSACTION (0.1ms)[0m  [1m[36mbegin transaction[0m
  [1m[36mTodo Create (37.1ms)[0m  [1m[32mINSERT INTO "todos" ("title", "username", "created_at", "updated_at") VALUES (?, ?, ?, ?)[0m  [["title", "Dynamic Liaison"], ["username", "Lanny Kunze"], ["created_at", "2023-02-06 15:16:59.453283"], ["updated_at", "2023-02-06 15:16:59.453283"]]
  [1m[36mTRANSACTION (5.6ms)[0m  [1m[36mcommit transaction[0m
  [1m[36mTRANSACTION (0.1ms)[0m  [1m[36mbegin transaction[0m
  [1m[36mTodo Create (2.0ms)[0m  [1m[32mINSERT INTO "todos" ("title", "username", "created_at", "updated_at") VALUES (?, ?, ?, ?)[0m  [["title", "Senior Technology Technician"], ["username", "Calvin D'Amore"], ["created_at", "2023-02-06 15:16:59.504116"], ["updated_at", "2023-02-06 15:16:59.504116"]]
  [1m[36mTRANSACTION (3.0ms)[0m  [1m[36mcommit transaction[0m
  [1m[36mTRANSACTION (0.1ms)[0m  [1m[36mbegin transaction[0m
  [1m[36mTodo Create (1.7ms)[0m  [1m[32mINSERT INTO "todos" ("title", "username", "created_at", "updated_at") VALUES (?, ?, ?, ?)[0m  [["title", "Human Associate"], ["username", "Cathie Schmidt"], ["created_at", "2023-02-06 15:16:59.515789"], ["updated_at", "2023-02-06 15:16:59.515789"]]
  [1m[36mTRANSACTION (3.8ms)[0m  [1m[36mcommit transaction[0m
  [1m[36mTRANSACTION (0.1ms)[0m  [1m[36mbegin transaction[0m
  [1m[36mTodo Create (2.5ms)[0m  [1m[32mINSERT INTO "todos" ("title", "username", "created_at", "updated_at") VALUES (?, ?, ?, ?)[0m  [["title", "Investor Technology Assistant"], ["username", "Arden Borer"], ["created_at", "2023-02-06 15:16:59.530094"], ["updated_at", "2023-02-06 15:16:59.530094"]]
  [1m[36mTRANSACTION (4.0ms)[0m  [1m[36mcommit transaction[0m
  [1m[36mTRANSACTION (0.1ms)[0m  [1m[36mbegin transaction[0m
  [1m[36mTodo Create (2.7ms)[0m  [1m[32mINSERT INTO "todos" ("title", "username", "created_at", "updated_at") VALUES (?, ?, ?, ?)[0m  [["title", "Future Engineer"], ["username", "Darrin Friesen"], ["created_at", "2023-02-06 15:16:59.545355"], ["updated_at", "2023-02-06 15:16:59.545355"]]
  [1m[36mTRANSACTION (4.8ms)[0m  [1m[36mcommit transaction[0m
Started GET "/todos" for 127.0.0.1 at 2023-02-06 17:17:38 +0200
Processing by TodosController#index as HTML
  [1m[36mTodo Load (0.3ms)[0m  [1m[34mSELECT "todos".* FROM "todos"[0m
  ↳ app/controllers/todos_controller.rb:5:in `index'
Completed 200 OK in 7ms (Views: 6.7ms | ActiveRecord: 1.2ms | Allocations: 1718)


Started GET "/todos" for 127.0.0.1 at 2023-02-06 17:21:29 +0200
Processing by TodosController#index as HTML
Completed 500 Internal Server Error in 21ms (ActiveRecord: 1.3ms | Allocations: 1356)


  
NameError (undefined local variable or method `ok' for #<TodosController:0x0000000002ca60>):
  
app/controllers/todos_controller.rb:7:in `index'
Started GET "/favicon.ico" for 127.0.0.1 at 2023-02-06 17:21:30 +0200
  
ActionController::RoutingError (No route matches [GET] "/favicon.ico"):
  
Started GET "/todos" for 127.0.0.1 at 2023-02-06 17:22:49 +0200
Processing by TodosController#index as HTML
  [1m[36mTodo Load (0.9ms)[0m  [1m[34mSELECT "todos".* FROM "todos" ORDER BY created_at DESC[0m
  ↳ app/controllers/todos_controller.rb:7:in `index'
Completed 200 OK in 40ms (Views: 16.4ms | ActiveRecord: 5.6ms | Allocations: 4521)


Started GET "/todos/1" for 127.0.0.1 at 2023-02-06 17:24:54 +0200
Processing by TodosController#show as HTML
  Parameters: {"id"=>"1"}
  [1m[36mTodo Load (0.5ms)[0m  [1m[34mSELECT "todos".* FROM "todos" WHERE "todos"."id" = ? LIMIT ?[0m  [["id", 1], ["LIMIT", 1]]
  ↳ app/controllers/todos_controller.rb:26:in `show'
Completed 500 Internal Server Error in 29ms (ActiveRecord: 5.8ms | Allocations: 3398)


  
NameError (undefined local variable or method `todos' for #<TodosController:0x00000000034e90>):
  
app/controllers/todos_controller.rb:27:in `show'
Started GET "/todos/1" for 127.0.0.1 at 2023-02-06 17:25:17 +0200
Processing by TodosController#show as HTML
  Parameters: {"id"=>"1"}
  [1m[36mTodo Load (0.4ms)[0m  [1m[34mSELECT "todos".* FROM "todos" WHERE "todos"."id" = ? LIMIT ?[0m  [["id", 1], ["LIMIT", 1]]
  ↳ app/controllers/todos_controller.rb:26:in `show'
Completed 200 OK in 24ms (Views: 0.7ms | ActiveRecord: 2.1ms | Allocations: 3620)


Started POST "/todos" for 127.0.0.1 at 2023-02-06 17:30:37 +0200
Processing by TodosController#create as HTML
  Parameters: {"title"=>"This thing", "username"=>"I wish it was not me", "todo"=>{"title"=>"This thing", "username"=>"I wish it was not me"}}
  [1m[36mTRANSACTION (0.1ms)[0m  [1m[36mbegin transaction[0m
  ↳ app/controllers/todos_controller.rb:14:in `create'
  [1m[36mTodo Create (2.8ms)[0m  [1m[32mINSERT INTO "todos" ("title", "username", "created_at", "updated_at") VALUES (?, ?, ?, ?)[0m  [["title", "This thing"], ["username", "I wish it was not me"], ["created_at", "2023-02-06 15:30:38.176513"], ["updated_at", "2023-02-06 15:30:38.176513"]]
  ↳ app/controllers/todos_controller.rb:14:in `create'
  [1m[36mTRANSACTION (6.0ms)[0m  [1m[36mcommit transaction[0m
  ↳ app/controllers/todos_controller.rb:14:in `create'
Completed 200 OK in 41ms (Views: 0.9ms | ActiveRecord: 12.9ms | Allocations: 3607)


Started DELETE "/todos/11" for 127.0.0.1 at 2023-02-06 17:33:24 +0200
Processing by TodosController#destroy as */*
  Parameters: {"id"=>"11"}
  [1m[36mTodo Load (0.8ms)[0m  [1m[34mSELECT "todos".* FROM "todos" WHERE "todos"."id" = ? LIMIT ?[0m  [["id", 11], ["LIMIT", 1]]
  ↳ app/controllers/todos_controller.rb:39:in `destroy'
  [1m[36mTRANSACTION (0.2ms)[0m  [1m[36mbegin transaction[0m
  ↳ app/controllers/todos_controller.rb:40:in `destroy'
  [1m[36mItem Load (0.7ms)[0m  [1m[34mSELECT "items".* FROM "items" WHERE "items"."todo_id" = ?[0m  [["todo_id", 11]]
  ↳ app/controllers/todos_controller.rb:40:in `destroy'
  [1m[36mTodo Destroy (2.5ms)[0m  [1m[31mDELETE FROM "todos" WHERE "todos"."id" = ?[0m  [["id", 11]]
  ↳ app/controllers/todos_controller.rb:40:in `destroy'
  [1m[36mTRANSACTION (4.5ms)[0m  [1m[36mcommit transaction[0m
  ↳ app/controllers/todos_controller.rb:40:in `destroy'
Completed 200 OK in 71ms (Views: 1.3ms | ActiveRecord: 13.3ms | Allocations: 7371)


Started GET "/todos/" for 127.0.0.1 at 2023-02-06 17:36:48 +0200
Processing by TodosController#index as HTML
  [1m[36mTodo Load (0.5ms)[0m  [1m[34mSELECT "todos".* FROM "todos" ORDER BY created_at DESC[0m
  ↳ app/controllers/todos_controller.rb:6:in `index'
Completed 200 OK in 24ms (Views: 9.6ms | ActiveRecord: 4.0ms | Allocations: 4514)


Started PUT "/todos/10" for 127.0.0.1 at 2023-02-06 17:37:14 +0200
Processing by TodosController#update as HTML
  Parameters: {"title"=>"Beethoven", "id"=>"10", "todo"=>{"title"=>"Beethoven"}}
  [1m[36mTodo Load (0.5ms)[0m  [1m[34mSELECT "todos".* FROM "todos" WHERE "todos"."id" = ? LIMIT ?[0m  [["id", 10], ["LIMIT", 1]]
  ↳ app/controllers/todos_controller.rb:30:in `update'
Completed 500 Internal Server Error in 8ms (ActiveRecord: 0.5ms | Allocations: 904)


  
NoMethodError (undefined method `update_attributes' for #<Todo id: 10, title: "Future Engineer", username: "Darrin Friesen", created_at: "2023-02-06 15:16:59.545355000 +0000", updated_at: "2023-02-06 15:16:59.545355000 +0000">):
  
app/controllers/todos_controller.rb:31:in `update'
Started PUT "/todos/10" for 127.0.0.1 at 2023-02-06 17:38:47 +0200
Processing by TodosController#update as HTML
  Parameters: {"title"=>"Beethoven", "id"=>"10", "todo"=>{"title"=>"Beethoven"}}
  [1m[36mTodo Load (0.4ms)[0m  [1m[34mSELECT "todos".* FROM "todos" WHERE "todos"."id" = ? LIMIT ?[0m  [["id", 10], ["LIMIT", 1]]
  ↳ app/controllers/todos_controller.rb:30:in `update'
Completed 500 Internal Server Error in 8ms (ActiveRecord: 0.4ms | Allocations: 671)


  
NoMethodError (undefined method `update_attributes' for #<Todo id: 10, title: "Future Engineer", username: "Darrin Friesen", created_at: "2023-02-06 15:16:59.545355000 +0000", updated_at: "2023-02-06 15:16:59.545355000 +0000">):
  
app/controllers/todos_controller.rb:31:in `update'
Started PUT "/todos/10" for 127.0.0.1 at 2023-02-06 17:39:57 +0200
Processing by TodosController#update as HTML
  Parameters: {"title"=>"Beethoven", "username"=>"userUnknown", "id"=>"10", "todo"=>{"title"=>"Beethoven", "username"=>"userUnknown"}}
  [1m[36mTodo Load (0.5ms)[0m  [1m[34mSELECT "todos".* FROM "todos" WHERE "todos"."id" = ? LIMIT ?[0m  [["id", 10], ["LIMIT", 1]]
  ↳ app/controllers/todos_controller.rb:30:in `update'
Completed 500 Internal Server Error in 4ms (ActiveRecord: 0.5ms | Allocations: 675)


  
NoMethodError (undefined method `update_attributes' for #<Todo id: 10, title: "Future Engineer", username: "Darrin Friesen", created_at: "2023-02-06 15:16:59.545355000 +0000", updated_at: "2023-02-06 15:16:59.545355000 +0000">):
  
app/controllers/todos_controller.rb:31:in `update'
Started PUT "/todos/1" for 127.0.0.1 at 2023-02-06 17:43:48 +0200
Processing by TodosController#update as HTML
  Parameters: {"title"=>"Beethoven", "id"=>"1", "todo"=>{"title"=>"Beethoven"}}
  [1m[36mTodo Load (0.4ms)[0m  [1m[34mSELECT "todos".* FROM "todos" WHERE "todos"."id" = ? LIMIT ?[0m  [["id", 1], ["LIMIT", 1]]
  ↳ app/controllers/todos_controller.rb:30:in `update'
Completed 500 Internal Server Error in 11ms (ActiveRecord: 0.4ms | Allocations: 672)


  
NoMethodError (undefined method `update_attributes' for #<Todo id: 1, title: "Finish this project", username: "nikol", created_at: "2023-01-18 13:21:10.242440000 +0000", updated_at: "2023-01-18 13:21:10.242440000 +0000">):
  
app/controllers/todos_controller.rb:31:in `update'
Started PUT "/todos/1" for 127.0.0.1 at 2023-02-06 17:51:23 +0200
Processing by TodosController#update as HTML
  Parameters: {"title"=>"Beethoven", "username"=>"someone", "id"=>"1", "todo"=>{"title"=>"Beethoven", "username"=>"someone"}}
  [1m[36mTodo Load (0.7ms)[0m  [1m[34mSELECT "todos".* FROM "todos" WHERE "todos"."id" = ? LIMIT ?[0m  [["id", 1], ["LIMIT", 1]]
  ↳ app/controllers/todos_controller.rb:30:in `update'
  [1m[36mTRANSACTION (0.1ms)[0m  [1m[36mbegin transaction[0m
  ↳ app/controllers/todos_controller.rb:31:in `update'
  [1m[36mTodo Update (2.4ms)[0m  [1m[33mUPDATE "todos" SET "title" = ?, "username" = ?, "updated_at" = ? WHERE "todos"."id" = ?[0m  [["title", "Beethoven"], ["username", "someone"], ["updated_at", "2023-02-06 15:51:24.648110"], ["id", 1]]
  ↳ app/controllers/todos_controller.rb:31:in `update'
  [1m[36mTRANSACTION (5.0ms)[0m  [1m[36mcommit transaction[0m
  ↳ app/controllers/todos_controller.rb:31:in `update'
Completed 200 OK in 38ms (Views: 0.8ms | ActiveRecord: 9.2ms | Allocations: 4328)


  [1m[36mActiveRecord::SchemaMigration Pluck (0.2ms)[0m  [1m[34mSELECT "schema_migrations"."version" FROM "schema_migrations" ORDER BY "schema_migrations"."version" ASC[0m
  [1m[36mActiveRecord::SchemaMigration Pluck (0.1ms)[0m  [1m[34mSELECT "schema_migrations"."version" FROM "schema_migrations" ORDER BY "schema_migrations"."version" ASC[0m
  [1m[36mTRANSACTION (0.0ms)[0m  [1m[36mbegin transaction[0m
  [1m[36mTodo Create (10.8ms)[0m  [1m[32mINSERT INTO "todos" ("title", "username", "created_at", "updated_at") VALUES (?, ?, ?, ?)[0m  [["title", "International Community-Services Associate"], ["username", "Edgardo Grimes V"], ["created_at", "2023-02-06 16:48:37.313395"], ["updated_at", "2023-02-06 16:48:37.313395"]]
  [1m[36mTRANSACTION (3.0ms)[0m  [1m[36mcommit transaction[0m
  [1m[36mActiveRecord::SchemaMigration Pluck (0.1ms)[0m  [1m[34mSELECT "schema_migrations"."version" FROM "schema_migrations" ORDER BY "schema_migrations"."version" ASC[0m
  [1m[36mTRANSACTION (0.0ms)[0m  [1m[36mbegin transaction[0m
  [1m[36mTodo Create (10.8ms)[0m  [1m[32mINSERT INTO "todos" ("title", "username", "created_at", "updated_at") VALUES (?, ?, ?, ?)[0m  [["title", "Construction Engineer"], ["username", "Frederic Collins Esq."], ["created_at", "2023-02-06 16:48:54.009948"], ["updated_at", "2023-02-06 16:48:54.009948"]]
  [1m[36mTRANSACTION (2.2ms)[0m  [1m[36mcommit transaction[0m
  [1m[36mTRANSACTION (0.1ms)[0m  [1m[36mbegin transaction[0m
  [1m[36mTodo Load (0.3ms)[0m  [1m[34mSELECT "todos".* FROM "todos" WHERE "todos"."id" = ? LIMIT ?[0m  [["id", 1], ["LIMIT", 1]]
  [1m[36mItem Create (1.0ms)[0m  [1m[32mINSERT INTO "items" ("name", "done", "todo_id", "created_at", "updated_at") VALUES (?, ?, ?, ?, ?)[0m  [["name", "Leadership"], ["done", 0], ["todo_id", 1], ["created_at", "2023-02-06 16:48:54.076042"], ["updated_at", "2023-02-06 16:48:54.076042"]]
  [1m[36mTRANSACTION (2.3ms)[0m  [1m[36mcommit transaction[0m
  [1m[36mTRANSACTION (0.0ms)[0m  [1m[36mbegin transaction[0m
  [1m[36mTodo Create (0.9ms)[0m  [1m[32mINSERT INTO "todos" ("title", "username", "created_at", "updated_at") VALUES (?, ?, ?, ?)[0m  [["title", "Corporate Marketing Engineer"], ["username", "Ms. Myra Weber"], ["created_at", "2023-02-06 16:48:54.082115"], ["updated_at", "2023-02-06 16:48:54.082115"]]
  [1m[36mTRANSACTION (1.9ms)[0m  [1m[36mcommit transaction[0m
  [1m[36mTRANSACTION (0.0ms)[0m  [1m[36mbegin transaction[0m
  [1m[36mTodo Load (0.2ms)[0m  [1m[34mSELECT "todos".* FROM "todos" WHERE "todos"."id" = ? LIMIT ?[0m  [["id", 1], ["LIMIT", 1]]
  [1m[36mItem Create (0.6ms)[0m  [1m[32mINSERT INTO "items" ("name", "done", "todo_id", "created_at", "updated_at") VALUES (?, ?, ?, ?, ?)[0m  [["name", "Networking skills"], ["done", 0], ["todo_id", 1], ["created_at", "2023-02-06 16:48:54.089814"], ["updated_at", "2023-02-06 16:48:54.089814"]]
  [1m[36mTRANSACTION (1.2ms)[0m  [1m[36mcommit transaction[0m
  [1m[36mTRANSACTION (0.0ms)[0m  [1m[36mbegin transaction[0m
  [1m[36mTodo Create (0.7ms)[0m  [1m[32mINSERT INTO "todos" ("title", "username", "created_at", "updated_at") VALUES (?, ?, ?, ?)[0m  [["title", "Education Developer"], ["username", "Carlos Waelchi"], ["created_at", "2023-02-06 16:48:54.093568"], ["updated_at", "2023-02-06 16:48:54.093568"]]
  [1m[36mTRANSACTION (1.0ms)[0m  [1m[36mcommit transaction[0m
  [1m[36mTRANSACTION (0.0ms)[0m  [1m[36mbegin transaction[0m
  [1m[36mTodo Load (0.1ms)[0m  [1m[34mSELECT "todos".* FROM "todos" WHERE "todos"."id" = ? LIMIT ?[0m  [["id", 5], ["LIMIT", 1]]
  [1m[36mTRANSACTION (0.0ms)[0m  [1m[31mrollback transaction[0m
  [1m[36mTRANSACTION (0.0ms)[0m  [1m[36mbegin transaction[0m
  [1m[36mTodo Create (1.0ms)[0m  [1m[32mINSERT INTO "todos" ("title", "username", "created_at", "updated_at") VALUES (?, ?, ?, ?)[0m  [["title", "Senior Strategist"], ["username", "Verdell Bins"], ["created_at", "2023-02-06 16:48:54.099839"], ["updated_at", "2023-02-06 16:48:54.099839"]]
  [1m[36mTRANSACTION (1.5ms)[0m  [1m[36mcommit transaction[0m
  [1m[36mTRANSACTION (0.0ms)[0m  [1m[36mbegin transaction[0m
  [1m[36mTodo Load (0.1ms)[0m  [1m[34mSELECT "todos".* FROM "todos" WHERE "todos"."id" = ? LIMIT ?[0m  [["id", 5], ["LIMIT", 1]]
  [1m[36mTRANSACTION (0.0ms)[0m  [1m[31mrollback transaction[0m
  [1m[36mTRANSACTION (0.0ms)[0m  [1m[36mbegin transaction[0m
  [1m[36mTodo Create (0.6ms)[0m  [1m[32mINSERT INTO "todos" ("title", "username", "created_at", "updated_at") VALUES (?, ?, ?, ?)[0m  [["title", "Forward Agent"], ["username", "Luba Ferry"], ["created_at", "2023-02-06 16:48:54.107681"], ["updated_at", "2023-02-06 16:48:54.107681"]]
  [1m[36mTRANSACTION (1.1ms)[0m  [1m[36mcommit transaction[0m
  [1m[36mTRANSACTION (0.0ms)[0m  [1m[36mbegin transaction[0m
  [1m[36mTodo Load (0.1ms)[0m  [1m[34mSELECT "todos".* FROM "todos" WHERE "todos"."id" = ? LIMIT ?[0m  [["id", 1], ["LIMIT", 1]]
  [1m[36mItem Create (0.5ms)[0m  [1m[32mINSERT INTO "items" ("name", "done", "todo_id", "created_at", "updated_at") VALUES (?, ?, ?, ?, ?)[0m  [["name", "Teamwork"], ["done", 0], ["todo_id", 1], ["created_at", "2023-02-06 16:48:54.112797"], ["updated_at", "2023-02-06 16:48:54.112797"]]
  [1m[36mTRANSACTION (0.9ms)[0m  [1m[36mcommit transaction[0m
  [1m[36mItem Load (0.1ms)[0m  [1m[34mSELECT "items".* FROM "items"[0m
  [1m[36mActiveRecord::SchemaMigration Pluck (0.1ms)[0m  [1m[34mSELECT "schema_migrations"."version" FROM "schema_migrations" ORDER BY "schema_migrations"."version" ASC[0m
  [1m[36mTRANSACTION (0.0ms)[0m  [1m[36mbegin transaction[0m
  [1m[36mTodo Create (11.4ms)[0m  [1m[32mINSERT INTO "todos" ("title", "username", "created_at", "updated_at") VALUES (?, ?, ?, ?)[0m  [["title", "Lead Marketing Representative"], ["username", "Carri Kunze"], ["created_at", "2023-02-06 16:50:17.558053"], ["updated_at", "2023-02-06 16:50:17.558053"]]
  [1m[36mTRANSACTION (3.1ms)[0m  [1m[36mcommit transaction[0m
  [1m[36mTRANSACTION (0.1ms)[0m  [1m[36mbegin transaction[0m
  [1m[36mTodo Create (1.1ms)[0m  [1m[32mINSERT INTO "todos" ("title", "username", "created_at", "updated_at") VALUES (?, ?, ?, ?)[0m  [["title", "Retail Coordinator"], ["username", "Robby Fadel Ret."], ["created_at", "2023-02-06 16:50:17.577920"], ["updated_at", "2023-02-06 16:50:17.577920"]]
  [1m[36mTRANSACTION (1.6ms)[0m  [1m[36mcommit transaction[0m
  [1m[36mTRANSACTION (0.0ms)[0m  [1m[36mbegin transaction[0m
  [1m[36mTodo Create (0.8ms)[0m  [1m[32mINSERT INTO "todos" ("title", "username", "created_at", "updated_at") VALUES (?, ?, ?, ?)[0m  [["title", "IT Manager"], ["username", "Lavonne Hammes"], ["created_at", "2023-02-06 16:50:17.584906"], ["updated_at", "2023-02-06 16:50:17.584906"]]
  [1m[36mTRANSACTION (1.4ms)[0m  [1m[36mcommit transaction[0m
  [1m[36mTRANSACTION (0.0ms)[0m  [1m[36mbegin transaction[0m
  [1m[36mTodo Create (0.7ms)[0m  [1m[32mINSERT INTO "todos" ("title", "username", "created_at", "updated_at") VALUES (?, ?, ?, ?)[0m  [["title", "Dynamic Banking Manager"], ["username", "Antonietta Schroeder"], ["created_at", "2023-02-06 16:50:17.590441"], ["updated_at", "2023-02-06 16:50:17.590441"]]
  [1m[36mTRANSACTION (1.1ms)[0m  [1m[36mcommit transaction[0m
  [1m[36mTRANSACTION (0.0ms)[0m  [1m[36mbegin transaction[0m
  [1m[36mTodo Create (0.7ms)[0m  [1m[32mINSERT INTO "todos" ("title", "username", "created_at", "updated_at") VALUES (?, ?, ?, ?)[0m  [["title", "Internal IT Director"], ["username", "Mr. Donnie Waters"], ["created_at", "2023-02-06 16:50:17.595048"], ["updated_at", "2023-02-06 16:50:17.595048"]]
  [1m[36mTRANSACTION (1.1ms)[0m  [1m[36mcommit transaction[0m
  [1m[36mTRANSACTION (0.0ms)[0m  [1m[36mbegin transaction[0m
  [1m[36mTodo Load (0.1ms)[0m  [1m[34mSELECT "todos".* FROM "todos" WHERE "todos"."id" = ? LIMIT ?[0m  [["id", 3], ["LIMIT", 1]]
  [1m[36mItem Create (0.8ms)[0m  [1m[32mINSERT INTO "items" ("name", "done", "todo_id", "created_at", "updated_at") VALUES (?, ?, ?, ?, ?)[0m  [["name", "Work under pressure"], ["done", 0], ["todo_id", 3], ["created_at", "2023-02-06 16:50:17.611351"], ["updated_at", "2023-02-06 16:50:17.611351"]]
  [1m[36mTRANSACTION (1.0ms)[0m  [1m[36mcommit transaction[0m
  [1m[36mTRANSACTION (0.0ms)[0m  [1m[36mbegin transaction[0m
  [1m[36mTodo Load (0.1ms)[0m  [1m[34mSELECT "todos".* FROM "todos" WHERE "todos"."id" = ? LIMIT ?[0m  [["id", 4], ["LIMIT", 1]]
  [1m[36mTRANSACTION (0.0ms)[0m  [1m[31mrollback transaction[0m
  [1m[36mTRANSACTION (0.0ms)[0m  [1m[36mbegin transaction[0m
  [1m[36mTodo Load (0.1ms)[0m  [1m[34mSELECT "todos".* FROM "todos" WHERE "todos"."id" = ? LIMIT ?[0m  [["id", 2], ["LIMIT", 1]]
  [1m[36mItem Create (0.6ms)[0m  [1m[32mINSERT INTO "items" ("name", "done", "todo_id", "created_at", "updated_at") VALUES (?, ?, ?, ?, ?)[0m  [["name", "Communication"], ["done", 0], ["todo_id", 2], ["created_at", "2023-02-06 16:50:17.617824"], ["updated_at", "2023-02-06 16:50:17.617824"]]
  [1m[36mTRANSACTION (1.1ms)[0m  [1m[36mcommit transaction[0m
  [1m[36mTRANSACTION (0.0ms)[0m  [1m[36mbegin transaction[0m
  [1m[36mTodo Load (0.1ms)[0m  [1m[34mSELECT "todos".* FROM "todos" WHERE "todos"."id" = ? LIMIT ?[0m  [["id", 1], ["LIMIT", 1]]
  [1m[36mItem Create (0.6ms)[0m  [1m[32mINSERT INTO "items" ("name", "done", "todo_id", "created_at", "updated_at") VALUES (?, ?, ?, ?, ?)[0m  [["name", "Self-motivated"], ["done", 0], ["todo_id", 1], ["created_at", "2023-02-06 16:50:17.622105"], ["updated_at", "2023-02-06 16:50:17.622105"]]
  [1m[36mTRANSACTION (1.0ms)[0m  [1m[36mcommit transaction[0m
  [1m[36mTRANSACTION (0.0ms)[0m  [1m[36mbegin transaction[0m
  [1m[36mTodo Load (0.1ms)[0m  [1m[34mSELECT "todos".* FROM "todos" WHERE "todos"."id" = ? LIMIT ?[0m  [["id", 5], ["LIMIT", 1]]
  [1m[36mTRANSACTION (0.0ms)[0m  [1m[31mrollback transaction[0m
  [1m[36mTRANSACTION (0.0ms)[0m  [1m[36mbegin transaction[0m
  [1m[36mTodo Load (0.1ms)[0m  [1m[34mSELECT "todos".* FROM "todos" WHERE "todos"."id" = ? LIMIT ?[0m  [["id", 2], ["LIMIT", 1]]
  [1m[36mItem Create (0.7ms)[0m  [1m[32mINSERT INTO "items" ("name", "done", "todo_id", "created_at", "updated_at") VALUES (?, ?, ?, ?, ?)[0m  [["name", "Self-motivated"], ["done", 0], ["todo_id", 2], ["created_at", "2023-02-06 16:50:17.627831"], ["updated_at", "2023-02-06 16:50:17.627831"]]
  [1m[36mTRANSACTION (1.0ms)[0m  [1m[36mcommit transaction[0m
  [1m[36mTRANSACTION (0.0ms)[0m  [1m[36mbegin transaction[0m
  [1m[36mTodo Load (0.1ms)[0m  [1m[34mSELECT "todos".* FROM "todos" WHERE "todos"."id" = ? LIMIT ?[0m  [["id", 4], ["LIMIT", 1]]
  [1m[36mTRANSACTION (0.0ms)[0m  [1m[31mrollback transaction[0m
  [1m[36mTRANSACTION (0.0ms)[0m  [1m[36mbegin transaction[0m
  [1m[36mTodo Load (0.1ms)[0m  [1m[34mSELECT "todos".* FROM "todos" WHERE "todos"."id" = ? LIMIT ?[0m  [["id", 3], ["LIMIT", 1]]
  [1m[36mItem Create (0.6ms)[0m  [1m[32mINSERT INTO "items" ("name", "done", "todo_id", "created_at", "updated_at") VALUES (?, ?, ?, ?, ?)[0m  [["name", "Technical savvy"], ["done", 0], ["todo_id", 3], ["created_at", "2023-02-06 16:50:17.633823"], ["updated_at", "2023-02-06 16:50:17.633823"]]
  [1m[36mTRANSACTION (1.7ms)[0m  [1m[36mcommit transaction[0m
  [1m[36mTRANSACTION (0.0ms)[0m  [1m[36mbegin transaction[0m
  [1m[36mTodo Load (0.1ms)[0m  [1m[34mSELECT "todos".* FROM "todos" WHERE "todos"."id" = ? LIMIT ?[0m  [["id", 3], ["LIMIT", 1]]
  [1m[36mItem Create (0.6ms)[0m  [1m[32mINSERT INTO "items" ("name", "done", "todo_id", "created_at", "updated_at") VALUES (?, ?, ?, ?, ?)[0m  [["name", "Problem solving"], ["done", 0], ["todo_id", 3], ["created_at", "2023-02-06 16:50:17.638704"], ["updated_at", "2023-02-06 16:50:17.638704"]]
  [1m[36mTRANSACTION (1.6ms)[0m  [1m[36mcommit transaction[0m
  [1m[36mTRANSACTION (0.0ms)[0m  [1m[36mbegin transaction[0m
  [1m[36mTodo Load (0.1ms)[0m  [1m[34mSELECT "todos".* FROM "todos" WHERE "todos"."id" = ? LIMIT ?[0m  [["id", 5], ["LIMIT", 1]]
  [1m[36mTRANSACTION (0.0ms)[0m  [1m[31mrollback transaction[0m
  [1m[36mTRANSACTION (0.0ms)[0m  [1m[36mbegin transaction[0m
  [1m[36mTodo Load (0.1ms)[0m  [1m[34mSELECT "todos".* FROM "todos" WHERE "todos"."id" = ? LIMIT ?[0m  [["id", 4], ["LIMIT", 1]]
  [1m[36mTRANSACTION (0.0ms)[0m  [1m[31mrollback transaction[0m
  [1m[36mTRANSACTION (0.0ms)[0m  [1m[36mbegin transaction[0m
  [1m[36mTodo Load (0.1ms)[0m  [1m[34mSELECT "todos".* FROM "todos" WHERE "todos"."id" = ? LIMIT ?[0m  [["id", 2], ["LIMIT", 1]]
  [1m[36mItem Create (0.6ms)[0m  [1m[32mINSERT INTO "items" ("name", "done", "todo_id", "created_at", "updated_at") VALUES (?, ?, ?, ?, ?)[0m  [["name", "Fast learner"], ["done", 0], ["todo_id", 2], ["created_at", "2023-02-06 16:50:17.646832"], ["updated_at", "2023-02-06 16:50:17.646832"]]
  [1m[36mTRANSACTION (1.2ms)[0m  [1m[36mcommit transaction[0m
  [1m[36mTRANSACTION (0.0ms)[0m  [1m[36mbegin transaction[0m
  [1m[36mTodo Load (0.2ms)[0m  [1m[34mSELECT "todos".* FROM "todos" WHERE "todos"."id" = ? LIMIT ?[0m  [["id", 5], ["LIMIT", 1]]
  [1m[36mTRANSACTION (0.0ms)[0m  [1m[31mrollback transaction[0m
  [1m[36mTRANSACTION (0.0ms)[0m  [1m[36mbegin transaction[0m
  [1m[36mTodo Load (0.1ms)[0m  [1m[34mSELECT "todos".* FROM "todos" WHERE "todos"."id" = ? LIMIT ?[0m  [["id", 1], ["LIMIT", 1]]
  [1m[36mItem Create (0.6ms)[0m  [1m[32mINSERT INTO "items" ("name", "done", "todo_id", "created_at", "updated_at") VALUES (?, ?, ?, ?, ?)[0m  [["name", "Networking skills"], ["done", 0], ["todo_id", 1], ["created_at", "2023-02-06 16:50:17.659787"], ["updated_at", "2023-02-06 16:50:17.659787"]]
  [1m[36mTRANSACTION (1.0ms)[0m  [1m[36mcommit transaction[0m
  [1m[36mTRANSACTION (0.0ms)[0m  [1m[36mbegin transaction[0m
  [1m[36mTodo Load (0.1ms)[0m  [1m[34mSELECT "todos".* FROM "todos" WHERE "todos"."id" = ? LIMIT ?[0m  [["id", 1], ["LIMIT", 1]]
  [1m[36mItem Create (0.6ms)[0m  [1m[32mINSERT INTO "items" ("name", "done", "todo_id", "created_at", "updated_at") VALUES (?, ?, ?, ?, ?)[0m  [["name", "Work under pressure"], ["done", 0], ["todo_id", 1], ["created_at", "2023-02-06 16:50:17.664206"], ["updated_at", "2023-02-06 16:50:17.664206"]]
  [1m[36mTRANSACTION (1.0ms)[0m  [1m[36mcommit transaction[0m
  [1m[36mTRANSACTION (0.0ms)[0m  [1m[36mbegin transaction[0m
  [1m[36mTodo Load (0.1ms)[0m  [1m[34mSELECT "todos".* FROM "todos" WHERE "todos"."id" = ? LIMIT ?[0m  [["id", 3], ["LIMIT", 1]]
  [1m[36mItem Create (0.7ms)[0m  [1m[32mINSERT INTO "items" ("name", "done", "todo_id", "created_at", "updated_at") VALUES (?, ?, ?, ?, ?)[0m  [["name", "Communication"], ["done", 0], ["todo_id", 3], ["created_at", "2023-02-06 16:50:17.668615"], ["updated_at", "2023-02-06 16:50:17.668615"]]
  [1m[36mTRANSACTION (1.6ms)[0m  [1m[36mcommit transaction[0m
  [1m[36mTRANSACTION (0.0ms)[0m  [1m[36mbegin transaction[0m
  [1m[36mTodo Load (0.1ms)[0m  [1m[34mSELECT "todos".* FROM "todos" WHERE "todos"."id" = ? LIMIT ?[0m  [["id", 3], ["LIMIT", 1]]
  [1m[36mItem Create (0.5ms)[0m  [1m[32mINSERT INTO "items" ("name", "done", "todo_id", "created_at", "updated_at") VALUES (?, ?, ?, ?, ?)[0m  [["name", "Work under pressure"], ["done", 0], ["todo_id", 3], ["created_at", "2023-02-06 16:50:17.673426"], ["updated_at", "2023-02-06 16:50:17.673426"]]
  [1m[36mTRANSACTION (1.0ms)[0m  [1m[36mcommit transaction[0m
  [1m[36mTRANSACTION (0.0ms)[0m  [1m[36mbegin transaction[0m
  [1m[36mTodo Load (0.1ms)[0m  [1m[34mSELECT "todos".* FROM "todos" WHERE "todos"."id" = ? LIMIT ?[0m  [["id", 3], ["LIMIT", 1]]
  [1m[36mItem Create (0.5ms)[0m  [1m[32mINSERT INTO "items" ("name", "done", "todo_id", "created_at", "updated_at") VALUES (?, ?, ?, ?, ?)[0m  [["name", "Confidence"], ["done", 0], ["todo_id", 3], ["created_at", "2023-02-06 16:50:17.677665"], ["updated_at", "2023-02-06 16:50:17.677665"]]
  [1m[36mTRANSACTION (0.9ms)[0m  [1m[36mcommit transaction[0m
  [1m[36mTRANSACTION (0.0ms)[0m  [1m[36mbegin transaction[0m
  [1m[36mTodo Load (0.1ms)[0m  [1m[34mSELECT "todos".* FROM "todos" WHERE "todos"."id" = ? LIMIT ?[0m  [["id", 5], ["LIMIT", 1]]
  [1m[36mTRANSACTION (0.0ms)[0m  [1m[31mrollback transaction[0m
  [1m[36mTRANSACTION (0.0ms)[0m  [1m[36mbegin transaction[0m
  [1m[36mTodo Load (0.1ms)[0m  [1m[34mSELECT "todos".* FROM "todos" WHERE "todos"."id" = ? LIMIT ?[0m  [["id", 5], ["LIMIT", 1]]
  [1m[36mTRANSACTION (0.0ms)[0m  [1m[31mrollback transaction[0m
  [1m[36mItem Load (0.2ms)[0m  [1m[34mSELECT "items".* FROM "items"[0m
Started GET "/" for 127.0.0.1 at 2023-02-06 18:51:15 +0200
Processing by Rails::WelcomeController#index as HTML
  Rendering /home/nikol/.rbenv/versions/3.2.0/lib/ruby/gems/3.2.0/gems/railties-7.0.4.1/lib/rails/templates/rails/welcome/index.html.erb
  Rendered /home/nikol/.rbenv/versions/3.2.0/lib/ruby/gems/3.2.0/gems/railties-7.0.4.1/lib/rails/templates/rails/welcome/index.html.erb (Duration: 0.1ms | Allocations: 13)
Completed 200 OK in 5ms (Views: 5.0ms | Allocations: 192)


Started GET "/todos/1/items" for 127.0.0.1 at 2023-02-06 18:51:25 +0200
Processing by ItemsController#index as HTML
  Parameters: {"todo_id"=>"1"}
  [1m[36mTodo Load (0.2ms)[0m  [1m[34mSELECT "todos".* FROM "todos" WHERE "todos"."id" = ? LIMIT ?[0m  [["id", 1], ["LIMIT", 1]]
  ↳ app/controllers/items_controller.rb:40:in `set_todo'
  [1m[36mItem Load (0.2ms)[0m  [1m[34mSELECT "items".* FROM "items" WHERE "items"."todo_id" = ?[0m  [["todo_id", 1]]
  ↳ app/controllers/concerns/response.rb:3:in `json_response'
Completed 200 OK in 12ms (Views: 4.1ms | ActiveRecord: 1.6ms | Allocations: 4890)


Started POST "/todos/2/items" for 127.0.0.1 at 2023-02-06 18:54:09 +0200
Processing by ItemsController#create as HTML
  Parameters: {"name"=>"Cook", "done"=>"true", "todo_id"=>"2", "item"=>{"name"=>"Cook", "done"=>"true"}}
  [1m[36mTodo Load (0.2ms)[0m  [1m[34mSELECT "todos".* FROM "todos" WHERE "todos"."id" = ? LIMIT ?[0m  [["id", 2], ["LIMIT", 1]]
  ↳ app/controllers/items_controller.rb:40:in `set_todo'
[31mUnpermitted parameters: :todo_id, :item. Context: { controller: ItemsController, action: create, request: #<ActionDispatch::Request:0x00007fd40478d540>, params: {"name"=>"Cook", "done"=>"true", "controller"=>"items", "action"=>"create", "todo_id"=>"2", "item"=>{"name"=>"Cook", "done"=>"true"}} }[0m
  [1m[36mTRANSACTION (0.0ms)[0m  [1m[36mbegin transaction[0m
  ↳ app/controllers/items_controller.rb:17:in `create'
  [1m[36mItem Create (0.7ms)[0m  [1m[32mINSERT INTO "items" ("name", "done", "todo_id", "created_at", "updated_at") VALUES (?, ?, ?, ?, ?)[0m  [["name", "Cook"], ["done", 1], ["todo_id", 2], ["created_at", "2023-02-06 16:54:09.574598"], ["updated_at", "2023-02-06 16:54:09.574598"]]
  ↳ app/controllers/items_controller.rb:17:in `create'
  [1m[36mTRANSACTION (1.6ms)[0m  [1m[36mcommit transaction[0m
  ↳ app/controllers/items_controller.rb:17:in `create'
Completed 201 Created in 15ms (Views: 0.4ms | ActiveRecord: 4.2ms | Allocations: 7342)


  [1m[36mItem Load (0.1ms)[0m  [1m[34mSELECT "items".* FROM "items"[0m
Started PUT "/todos/4/items/2" for 127.0.0.1 at 2023-02-06 18:56:13 +0200
Processing by ItemsController#update as HTML
  Parameters: {"done"=>"true", "todo_id"=>"4", "id"=>"2", "item"=>{"done"=>"true"}}
  [1m[36mTodo Load (0.1ms)[0m  [1m[34mSELECT "todos".* FROM "todos" WHERE "todos"."id" = ? LIMIT ?[0m  [["id", 4], ["LIMIT", 1]]
  ↳ app/controllers/items_controller.rb:40:in `set_todo'
Completed 404 Not Found in 2ms (Views: 0.1ms | ActiveRecord: 0.1ms | Allocations: 551)


Started GET "/todos/4/items" for 127.0.0.1 at 2023-02-06 18:56:34 +0200
Processing by ItemsController#index as HTML
  Parameters: {"todo_id"=>"4"}
  [1m[36mTodo Load (0.2ms)[0m  [1m[34mSELECT "todos".* FROM "todos" WHERE "todos"."id" = ? LIMIT ?[0m  [["id", 4], ["LIMIT", 1]]
  ↳ app/controllers/items_controller.rb:40:in `set_todo'
Completed 404 Not Found in 2ms (Views: 0.1ms | ActiveRecord: 0.2ms | Allocations: 540)


Started GET "/todos/1/items" for 127.0.0.1 at 2023-02-06 18:56:40 +0200
Processing by ItemsController#index as HTML
  Parameters: {"todo_id"=>"1"}
  [1m[36mTodo Load (0.1ms)[0m  [1m[34mSELECT "todos".* FROM "todos" WHERE "todos"."id" = ? LIMIT ?[0m  [["id", 1], ["LIMIT", 1]]
  ↳ app/controllers/items_controller.rb:40:in `set_todo'
  [1m[36mItem Load (0.2ms)[0m  [1m[34mSELECT "items".* FROM "items" WHERE "items"."todo_id" = ?[0m  [["todo_id", 1]]
  ↳ app/controllers/concerns/response.rb:3:in `json_response'
Completed 200 OK in 3ms (Views: 1.8ms | ActiveRecord: 0.3ms | Allocations: 2200)


Started PUT "/todos/1/items/5" for 127.0.0.1 at 2023-02-06 18:56:59 +0200
Processing by ItemsController#update as HTML
  Parameters: {"done"=>"true", "todo_id"=>"1", "id"=>"5", "item"=>{"done"=>"true"}}
  [1m[36mTodo Load (0.1ms)[0m  [1m[34mSELECT "todos".* FROM "todos" WHERE "todos"."id" = ? LIMIT ?[0m  [["id", 1], ["LIMIT", 1]]
  ↳ app/controllers/items_controller.rb:40:in `set_todo'
  [1m[36mItem Load (0.2ms)[0m  [1m[34mSELECT "items".* FROM "items" WHERE "items"."todo_id" = ? AND "items"."id" = ? LIMIT ?[0m  [["todo_id", 1], ["id", 5], ["LIMIT", 1]]
  ↳ app/controllers/items_controller.rb:44:in `set_todo_item'
[31mUnpermitted parameters: :todo_id, :id, :item. Context: { controller: ItemsController, action: update, request: #<ActionDispatch::Request:0x00007fd400016fe0>, params: {"done"=>"true", "controller"=>"items", "action"=>"update", "todo_id"=>"1", "id"=>"5", "item"=>{"done"=>"true"}} }[0m
  [1m[36mTRANSACTION (0.1ms)[0m  [1m[36mbegin transaction[0m
  ↳ app/controllers/items_controller.rb:23:in `update'
  [1m[36mItem Update (11.0ms)[0m  [1m[33mUPDATE "items" SET "done" = ?, "updated_at" = ? WHERE "items"."id" = ?[0m  [["done", 1], ["updated_at", "2023-02-06 16:56:59.365077"], ["id", 5]]
  ↳ app/controllers/items_controller.rb:23:in `update'
  [1m[36mTRANSACTION (1.5ms)[0m  [1m[36mcommit transaction[0m
  ↳ app/controllers/items_controller.rb:23:in `update'
Completed 204 No Content in 32ms (ActiveRecord: 12.9ms | Allocations: 3336)


Started GET "/todos/1/items" for 127.0.0.1 at 2023-02-06 18:57:13 +0200
Processing by ItemsController#index as HTML
  Parameters: {"todo_id"=>"1"}
  [1m[36mTodo Load (0.1ms)[0m  [1m[34mSELECT "todos".* FROM "todos" WHERE "todos"."id" = ? LIMIT ?[0m  [["id", 1], ["LIMIT", 1]]
  ↳ app/controllers/items_controller.rb:40:in `set_todo'
  [1m[36mItem Load (0.1ms)[0m  [1m[34mSELECT "items".* FROM "items" WHERE "items"."todo_id" = ?[0m  [["todo_id", 1]]
  ↳ app/controllers/concerns/response.rb:3:in `json_response'
Completed 200 OK in 3ms (Views: 1.4ms | ActiveRecord: 0.3ms | Allocations: 1952)


Started DELETE "/todos/1/items/5" for 127.0.0.1 at 2023-02-06 18:58:05 +0200
Processing by ItemsController#destroy as */*
  Parameters: {"todo_id"=>"1", "id"=>"5"}
  [1m[36mTodo Load (0.1ms)[0m  [1m[34mSELECT "todos".* FROM "todos" WHERE "todos"."id" = ? LIMIT ?[0m  [["id", 1], ["LIMIT", 1]]
  ↳ app/controllers/items_controller.rb:40:in `set_todo'
  [1m[36mItem Load (0.2ms)[0m  [1m[34mSELECT "items".* FROM "items" WHERE "items"."todo_id" = ? AND "items"."id" = ? LIMIT ?[0m  [["todo_id", 1], ["id", 5], ["LIMIT", 1]]
  ↳ app/controllers/items_controller.rb:44:in `set_todo_item'
  [1m[36mTRANSACTION (0.1ms)[0m  [1m[36mbegin transaction[0m
  ↳ app/controllers/items_controller.rb:29:in `destroy'
  [1m[36mItem Destroy (35.5ms)[0m  [1m[31mDELETE FROM "items" WHERE "items"."id" = ?[0m  [["id", 5]]
  ↳ app/controllers/items_controller.rb:29:in `destroy'
  [1m[36mTRANSACTION (1.7ms)[0m  [1m[36mcommit transaction[0m
  ↳ app/controllers/items_controller.rb:29:in `destroy'
Completed 204 No Content in 51ms (ActiveRecord: 37.7ms | Allocations: 2741)


Started GET "/todos/1/items" for 127.0.0.1 at 2023-02-06 18:58:15 +0200
Processing by ItemsController#index as HTML
  Parameters: {"todo_id"=>"1"}
  [1m[36mTodo Load (0.2ms)[0m  [1m[34mSELECT "todos".* FROM "todos" WHERE "todos"."id" = ? LIMIT ?[0m  [["id", 1], ["LIMIT", 1]]
  ↳ app/controllers/items_controller.rb:40:in `set_todo'
  [1m[36mItem Load (0.2ms)[0m  [1m[34mSELECT "items".* FROM "items" WHERE "items"."todo_id" = ?[0m  [["todo_id", 1]]
  ↳ app/controllers/concerns/response.rb:3:in `json_response'
Completed 200 OK in 3ms (Views: 1.4ms | ActiveRecord: 0.4ms | Allocations: 1836)


Started GET "/todos" for 127.0.0.1 at 2023-02-10 14:05:56 +0200
Started GET "/" for 127.0.0.1 at 2023-02-10 14:05:56 +0200
Started GET "/" for 127.0.0.1 at 2023-02-10 14:07:23 +0200
  [1m[36mActiveRecord::SchemaMigration Pluck (0.4ms)[0m  [1m[34mSELECT "schema_migrations"."version" FROM "schema_migrations" ORDER BY "schema_migrations"."version" ASC[0m
Processing by Rails::WelcomeController#index as HTML
  Rendering /home/nikol/.rbenv/versions/3.2.0/lib/ruby/gems/3.2.0/gems/railties-7.0.4.1/lib/rails/templates/rails/welcome/index.html.erb
  Rendered /home/nikol/.rbenv/versions/3.2.0/lib/ruby/gems/3.2.0/gems/railties-7.0.4.1/lib/rails/templates/rails/welcome/index.html.erb (Duration: 7.0ms | Allocations: 459)
Completed 200 OK in 48ms (Views: 21.7ms | ActiveRecord: 0.0ms | Allocations: 3022)


Started GET "/todos" for 127.0.0.1 at 2023-02-10 14:07:32 +0200
Processing by TodosController#index as HTML
  [1m[36mTodo Load (0.5ms)[0m  [1m[34mSELECT "todos".* FROM "todos" ORDER BY created_at DESC[0m
  ↳ app/controllers/todos_controller.rb:6:in `index'
Completed 200 OK in 39ms (Views: 19.4ms | ActiveRecord: 2.1ms | Allocations: 8633)


Started GET "/todos" for 127.0.0.1 at 2023-02-10 14:15:35 +0200
Processing by TodosController#index as HTML
  [1m[36mTodo Load (0.1ms)[0m  [1m[34mSELECT "todos".* FROM "todos" ORDER BY created_at DESC[0m
  ↳ app/controllers/todos_controller.rb:6:in `index'
Completed 200 OK in 4ms (Views: 2.9ms | ActiveRecord: 0.4ms | Allocations: 3067)


  [1m[36mActiveRecord::SchemaMigration Pluck (0.2ms)[0m  [1m[34mSELECT "schema_migrations"."version" FROM "schema_migrations" ORDER BY "schema_migrations"."version" ASC[0m
  [1m[36mActiveRecord::InternalMetadata Load (0.2ms)[0m  [1m[34mSELECT "ar_internal_metadata".* FROM "ar_internal_metadata" WHERE "ar_internal_metadata"."key" = ? LIMIT ?[0m  [["key", "environment"], ["LIMIT", 1]]
  [1m[36mActiveRecord::SchemaMigration Pluck (0.1ms)[0m  [1m[34mSELECT "schema_migrations"."version" FROM "schema_migrations" ORDER BY "schema_migrations"."version" ASC[0m
Started GET "/" for 127.0.0.1 at 2023-02-10 20:59:46 +0200
  [1m[36mActiveRecord::SchemaMigration Pluck (0.2ms)[0m  [1m[34mSELECT "schema_migrations"."version" FROM "schema_migrations" ORDER BY "schema_migrations"."version" ASC[0m
Processing by Rails::WelcomeController#index as HTML
  Rendering /home/nikol/.rbenv/versions/3.2.0/lib/ruby/gems/3.2.0/gems/railties-7.0.4.1/lib/rails/templates/rails/welcome/index.html.erb
  Rendered /home/nikol/.rbenv/versions/3.2.0/lib/ruby/gems/3.2.0/gems/railties-7.0.4.1/lib/rails/templates/rails/welcome/index.html.erb (Duration: 4.0ms | Allocations: 459)
Completed 200 OK in 24ms (Views: 11.2ms | ActiveRecord: 0.0ms | Allocations: 3022)


Started GET "/todos" for 127.0.0.1 at 2023-02-10 20:59:51 +0200
Processing by TodosController#index as HTML
  [1m[36mTodo Load (0.6ms)[0m  [1m[34mSELECT "todos".* FROM "todos" ORDER BY created_at DESC[0m
  ↳ app/controllers/todos_controller.rb:6:in `index'
Completed 200 OK in 15ms (Views: 8.0ms | ActiveRecord: 1.3ms | Allocations: 8633)


  [1m[36mActiveRecord::SchemaMigration Pluck (0.2ms)[0m  [1m[34mSELECT "schema_migrations"."version" FROM "schema_migrations" ORDER BY "schema_migrations"."version" ASC[0m
  [1m[36mActiveRecord::InternalMetadata Load (0.2ms)[0m  [1m[34mSELECT "ar_internal_metadata".* FROM "ar_internal_metadata" WHERE "ar_internal_metadata"."key" = ? LIMIT ?[0m  [["key", "environment"], ["LIMIT", 1]]
  [1m[36mActiveRecord::SchemaMigration Pluck (0.1ms)[0m  [1m[34mSELECT "schema_migrations"."version" FROM "schema_migrations" ORDER BY "schema_migrations"."version" ASC[0m
Started GET "/todos" for 127.0.0.1 at 2023-02-10 21:00:15 +0200
Processing by TodosController#index as HTML
  [1m[36mTodo Load (0.2ms)[0m  [1m[34mSELECT "todos".* FROM "todos" ORDER BY created_at DESC[0m
  ↳ app/controllers/todos_controller.rb:6:in `index'
Completed 200 OK in 10ms (Views: 4.4ms | ActiveRecord: 1.1ms | Allocations: 5721)


Started DELETE "/todos/1" for 127.0.0.1 at 2023-02-10 21:01:48 +0200
Processing by TodosController#destroy as */*
  Parameters: {"id"=>"1"}
  [1m[36mTodo Load (0.3ms)[0m  [1m[34mSELECT "todos".* FROM "todos" WHERE "todos"."id" = ? LIMIT ?[0m  [["id", 1], ["LIMIT", 1]]
  ↳ app/controllers/todos_controller.rb:41:in `destroy'
  [1m[36mTRANSACTION (0.0ms)[0m  [1m[36mbegin transaction[0m
  ↳ app/controllers/todos_controller.rb:42:in `destroy'
  [1m[36mItem Load (0.1ms)[0m  [1m[34mSELECT "items".* FROM "items" WHERE "items"."todo_id" = ?[0m  [["todo_id", 1]]
  ↳ app/controllers/todos_controller.rb:42:in `destroy'
  [1m[36mItem Destroy (1.2ms)[0m  [1m[31mDELETE FROM "items" WHERE "items"."id" = ?[0m  [["id", 6]]
  ↳ app/controllers/todos_controller.rb:42:in `destroy'
  [1m[36mItem Destroy (0.1ms)[0m  [1m[31mDELETE FROM "items" WHERE "items"."id" = ?[0m  [["id", 7]]
  ↳ app/controllers/todos_controller.rb:42:in `destroy'
  [1m[36mItem Destroy (0.1ms)[0m  [1m[31mDELETE FROM "items" WHERE "items"."id" = ?[0m  [["id", 10]]
  ↳ app/controllers/todos_controller.rb:42:in `destroy'
  [1m[36mItem Destroy (0.0ms)[0m  [1m[31mDELETE FROM "items" WHERE "items"."id" = ?[0m  [["id", 15]]
  ↳ app/controllers/todos_controller.rb:42:in `destroy'
  [1m[36mItem Destroy (0.0ms)[0m  [1m[31mDELETE FROM "items" WHERE "items"."id" = ?[0m  [["id", 16]]
  ↳ app/controllers/todos_controller.rb:42:in `destroy'
  [1m[36mTodo Destroy (0.1ms)[0m  [1m[31mDELETE FROM "todos" WHERE "todos"."id" = ?[0m  [["id", 1]]
  ↳ app/controllers/todos_controller.rb:42:in `destroy'
  [1m[36mTRANSACTION (1.8ms)[0m  [1m[36mcommit transaction[0m
  ↳ app/controllers/todos_controller.rb:42:in `destroy'
Completed 200 OK in 68ms (Views: 0.2ms | ActiveRecord: 4.1ms | Allocations: 15004)


Started GET "/todos" for 127.0.0.1 at 2023-02-10 21:01:51 +0200
Processing by TodosController#index as HTML
  [1m[36mTodo Load (0.3ms)[0m  [1m[34mSELECT "todos".* FROM "todos" ORDER BY created_at DESC[0m
  ↳ app/controllers/todos_controller.rb:6:in `index'
Completed 200 OK in 5ms (Views: 4.4ms | ActiveRecord: 0.3ms | Allocations: 2811)


Started DELETE "/todos/2" for 127.0.0.1 at 2023-02-10 21:02:02 +0200
Processing by TodosController#destroy as */*
  Parameters: {"id"=>"2"}
  [1m[36mTodo Load (0.1ms)[0m  [1m[34mSELECT "todos".* FROM "todos" WHERE "todos"."id" = ? LIMIT ?[0m  [["id", 2], ["LIMIT", 1]]
  ↳ app/controllers/todos_controller.rb:41:in `destroy'
  [1m[36mTRANSACTION (0.1ms)[0m  [1m[36mbegin transaction[0m
  ↳ app/controllers/todos_controller.rb:42:in `destroy'
  [1m[36mItem Load (0.2ms)[0m  [1m[34mSELECT "items".* FROM "items" WHERE "items"."todo_id" = ?[0m  [["todo_id", 2]]
  ↳ app/controllers/todos_controller.rb:42:in `destroy'
  [1m[36mItem Destroy (0.6ms)[0m  [1m[31mDELETE FROM "items" WHERE "items"."id" = ?[0m  [["id", 4]]
  ↳ app/controllers/todos_controller.rb:42:in `destroy'
  [1m[36mItem Destroy (0.1ms)[0m  [1m[31mDELETE FROM "items" WHERE "items"."id" = ?[0m  [["id", 9]]
  ↳ app/controllers/todos_controller.rb:42:in `destroy'
  [1m[36mItem Destroy (0.1ms)[0m  [1m[31mDELETE FROM "items" WHERE "items"."id" = ?[0m  [["id", 11]]
  ↳ app/controllers/todos_controller.rb:42:in `destroy'
  [1m[36mItem Destroy (0.1ms)[0m  [1m[31mDELETE FROM "items" WHERE "items"."id" = ?[0m  [["id", 14]]
  ↳ app/controllers/todos_controller.rb:42:in `destroy'
  [1m[36mItem Destroy (0.0ms)[0m  [1m[31mDELETE FROM "items" WHERE "items"."id" = ?[0m  [["id", 20]]
  ↳ app/controllers/todos_controller.rb:42:in `destroy'
  [1m[36mTodo Destroy (0.1ms)[0m  [1m[31mDELETE FROM "todos" WHERE "todos"."id" = ?[0m  [["id", 2]]
  ↳ app/controllers/todos_controller.rb:42:in `destroy'
  [1m[36mTRANSACTION (1.2ms)[0m  [1m[36mcommit transaction[0m
  ↳ app/controllers/todos_controller.rb:42:in `destroy'
Completed 200 OK in 18ms (Views: 0.2ms | ActiveRecord: 2.5ms | Allocations: 6845)


Started DELETE "/todos/3" for 127.0.0.1 at 2023-02-10 21:02:09 +0200
Processing by TodosController#destroy as */*
  Parameters: {"id"=>"3"}
  [1m[36mTodo Load (0.1ms)[0m  [1m[34mSELECT "todos".* FROM "todos" WHERE "todos"."id" = ? LIMIT ?[0m  [["id", 3], ["LIMIT", 1]]
  ↳ app/controllers/todos_controller.rb:41:in `destroy'
  [1m[36mTRANSACTION (0.1ms)[0m  [1m[36mbegin transaction[0m
  ↳ app/controllers/todos_controller.rb:42:in `destroy'
  [1m[36mItem Load (0.2ms)[0m  [1m[34mSELECT "items".* FROM "items" WHERE "items"."todo_id" = ?[0m  [["todo_id", 3]]
  ↳ app/controllers/todos_controller.rb:42:in `destroy'
  [1m[36mItem Destroy (10.4ms)[0m  [1m[31mDELETE FROM "items" WHERE "items"."id" = ?[0m  [["id", 8]]
  ↳ app/controllers/todos_controller.rb:42:in `destroy'
  [1m[36mItem Destroy (0.1ms)[0m  [1m[31mDELETE FROM "items" WHERE "items"."id" = ?[0m  [["id", 12]]
  ↳ app/controllers/todos_controller.rb:42:in `destroy'
  [1m[36mItem Destroy (0.4ms)[0m  [1m[31mDELETE FROM "items" WHERE "items"."id" = ?[0m  [["id", 13]]
  ↳ app/controllers/todos_controller.rb:42:in `destroy'
  [1m[36mItem Destroy (0.1ms)[0m  [1m[31mDELETE FROM "items" WHERE "items"."id" = ?[0m  [["id", 17]]
  ↳ app/controllers/todos_controller.rb:42:in `destroy'
  [1m[36mItem Destroy (0.1ms)[0m  [1m[31mDELETE FROM "items" WHERE "items"."id" = ?[0m  [["id", 18]]
  ↳ app/controllers/todos_controller.rb:42:in `destroy'
  [1m[36mItem Destroy (0.0ms)[0m  [1m[31mDELETE FROM "items" WHERE "items"."id" = ?[0m  [["id", 19]]
  ↳ app/controllers/todos_controller.rb:42:in `destroy'
  [1m[36mTodo Destroy (0.1ms)[0m  [1m[31mDELETE FROM "todos" WHERE "todos"."id" = ?[0m  [["id", 3]]
  ↳ app/controllers/todos_controller.rb:42:in `destroy'
  [1m[36mTRANSACTION (1.3ms)[0m  [1m[36mcommit transaction[0m
  ↳ app/controllers/todos_controller.rb:42:in `destroy'
Completed 200 OK in 37ms (Views: 0.3ms | ActiveRecord: 12.8ms | Allocations: 7617)


Started GET "/todos" for 127.0.0.1 at 2023-02-10 21:02:11 +0200
Processing by TodosController#index as HTML
  [1m[36mTodo Load (0.3ms)[0m  [1m[34mSELECT "todos".* FROM "todos" ORDER BY created_at DESC[0m
  ↳ app/controllers/todos_controller.rb:6:in `index'
Completed 200 OK in 3ms (Views: 2.2ms | ActiveRecord: 0.3ms | Allocations: 2597)


